{"level":"info","message":"Info message","timestamp":"17:43:18"}
{"level":"warn","message":"Warning message","timestamp":"17:43:18"}
{"level":"error","message":"Error [ERR_HTTP_HEADERS_SENT]: Cannot set headers after they are sent to the client\n    at validateHeader (_http_outgoing.js:503:11)\n    at ServerResponse.setHeader (_http_outgoing.js:510:3)\n    at ServerResponse.header (C:\\Users\\alexa_000\\Documents\\licenta\\api\\node_modules\\express\\lib\\response.js:767:10)\n    at ServerResponse.json (C:\\Users\\alexa_000\\Documents\\licenta\\api\\node_modules\\express\\lib\\response.js:264:10)\n    at ServerResponse.send (C:\\Users\\alexa_000\\Documents\\licenta\\api\\node_modules\\express\\lib\\response.js:158:21)\n    at router.post (C:\\Users\\alexa_000\\Documents\\licenta\\api\\app\\config\\routes.js:26:16)\n    at Layer.handle [as handle_request] (C:\\Users\\alexa_000\\Documents\\licenta\\api\\node_modules\\express\\lib\\router\\layer.js:95:5)\n    at next (C:\\Users\\alexa_000\\Documents\\licenta\\api\\node_modules\\express\\lib\\router\\route.js:137:13)\n    at complete (C:\\Users\\alexa_000\\Documents\\licenta\\api\\node_modules\\passport\\lib\\middleware\\authenticate.js:263:13)\n    at C:\\Users\\alexa_000\\Documents\\licenta\\api\\node_modules\\passport\\lib\\middleware\\authenticate.js:270:15\n    at pass (C:\\Users\\alexa_000\\Documents\\licenta\\api\\node_modules\\passport\\lib\\authenticator.js:431:14)\n    at Authenticator.transformAuthInfo (C:\\Users\\alexa_000\\Documents\\licenta\\api\\node_modules\\passport\\lib\\authenticator.js:453:5)\n    at C:\\Users\\alexa_000\\Documents\\licenta\\api\\node_modules\\passport\\lib\\middleware\\authenticate.js:267:22\n    at IncomingMessage.req.login.req.logIn (C:\\Users\\alexa_000\\Documents\\licenta\\api\\node_modules\\passport\\lib\\http\\request.js:55:13)\n    at FacebookTokenStrategy.strategy.success (C:\\Users\\alexa_000\\Documents\\licenta\\api\\node_modules\\passport\\lib\\middleware\\authenticate.js:248:13)\n    at verified (C:\\Users\\alexa_000\\Documents\\licenta\\api\\node_modules\\passport-facebook-token\\lib\\index.js:102:25)","timestamp":"17:49:45"}
{"level":"info","message":"Info message","timestamp":"17:53:04"}
{"level":"warn","message":"Warning message","timestamp":"17:53:04"}
{"level":"info","message":"Info message","timestamp":"17:53:17"}
{"level":"warn","message":"Warning message","timestamp":"17:53:17"}
{"level":"info","message":"Info message","timestamp":"17:54:05"}
{"level":"warn","message":"Warning message","timestamp":"17:54:05"}
{"level":"info","message":"Info message","timestamp":"17:54:24"}
{"level":"warn","message":"Warning message","timestamp":"17:54:24"}
{"level":"info","message":"Info message","timestamp":"18:01:33"}
{"level":"warn","message":"Warning message","timestamp":"18:01:33"}
{"level":"info","message":"Info message","timestamp":"10:11:55"}
{"level":"warn","message":"Warning message","timestamp":"10:11:55"}
{"level":"info","message":"Info message","timestamp":"10:31:27"}
{"level":"warn","message":"Warning message","timestamp":"10:31:27"}
{"level":"info","message":"Info message","timestamp":"10:31:36"}
{"level":"warn","message":"Warning message","timestamp":"10:31:36"}
{"level":"info","message":"Info message","timestamp":"10:42:16"}
{"level":"warn","message":"Warning message","timestamp":"10:42:16"}
{"level":"info","message":"Info message","timestamp":"10:42:21"}
{"level":"warn","message":"Warning message","timestamp":"10:42:21"}
{"level":"error","message":"InternalOAuthError: Failed to fetch user profile\n    at C:\\Users\\alexa_000\\Documents\\licenta\\api\\node_modules\\passport-facebook-token\\lib\\index.js:155:32\n    at passBackControl (C:\\Users\\alexa_000\\Documents\\licenta\\api\\node_modules\\oauth\\lib\\oauth2.js:132:9)\n    at IncomingMessage.<anonymous> (C:\\Users\\alexa_000\\Documents\\licenta\\api\\node_modules\\oauth\\lib\\oauth2.js:157:7)\n    at IncomingMessage.emit (events.js:185:15)\n    at endReadableNT (_stream_readable.js:1101:12)\n    at process._tickCallback (internal/process/next_tick.js:114:19)","timestamp":"10:42:51"}
{"level":"info","message":"Info message","timestamp":"10:47:07"}
{"level":"warn","message":"Warning message","timestamp":"10:47:07"}
{"level":"info","message":"Info message","timestamp":"10:47:42"}
{"level":"warn","message":"Warning message","timestamp":"10:47:42"}
{"level":"info","message":"Info message","timestamp":"10:48:29"}
{"level":"warn","message":"Warning message","timestamp":"10:48:29"}
{"level":"info","message":"Info message","timestamp":"12:47:40 PM"}
{"level":"warn","message":"Warning message","timestamp":"12:47:40 PM"}
{"level":"info","message":"Info message","timestamp":"1:47:45 PM"}
{"level":"warn","message":"Warning message","timestamp":"1:47:45 PM"}
{"level":"info","message":"Info message","timestamp":"1:51:18 PM"}
{"level":"warn","message":"Warning message","timestamp":"1:51:18 PM"}
{"level":"info","message":"Info message","timestamp":"1:51:20 PM"}
{"level":"warn","message":"Warning message","timestamp":"1:51:20 PM"}
{"level":"error","message":"Error: Can't set headers after they are sent.\n    at validateHeader (_http_outgoing.js:494:11)\n    at ServerResponse.setHeader (_http_outgoing.js:501:3)\n    at ServerResponse.header (/Users/alexandrapop/Documents/licenta/api/node_modules/express/lib/response.js:767:10)\n    at ServerResponse.json (/Users/alexandrapop/Documents/licenta/api/node_modules/express/lib/response.js:264:10)\n    at socialLogin (/Users/alexandrapop/Documents/licenta/api/app/controllers/usersController.js:28:16)\n    at Layer.handle [as handle_request] (/Users/alexandrapop/Documents/licenta/api/node_modules/express/lib/router/layer.js:95:5)\n    at next (/Users/alexandrapop/Documents/licenta/api/node_modules/express/lib/router/route.js:137:13)\n    at module.exports (/Users/alexandrapop/Documents/licenta/api/app/middlewares/assignToken.js:13:12)\n    at Layer.handle [as handle_request] (/Users/alexandrapop/Documents/licenta/api/node_modules/express/lib/router/layer.js:95:5)\n    at next (/Users/alexandrapop/Documents/licenta/api/node_modules/express/lib/router/route.js:137:13)\n    at complete (/Users/alexandrapop/Documents/licenta/api/node_modules/passport/lib/middleware/authenticate.js:263:13)\n    at /Users/alexandrapop/Documents/licenta/api/node_modules/passport/lib/middleware/authenticate.js:270:15\n    at pass (/Users/alexandrapop/Documents/licenta/api/node_modules/passport/lib/authenticator.js:431:14)\n    at Authenticator.transformAuthInfo (/Users/alexandrapop/Documents/licenta/api/node_modules/passport/lib/authenticator.js:453:5)\n    at /Users/alexandrapop/Documents/licenta/api/node_modules/passport/lib/middleware/authenticate.js:267:22\n    at IncomingMessage.req.login.req.logIn (/Users/alexandrapop/Documents/licenta/api/node_modules/passport/lib/http/request.js:55:13)","timestamp":"1:51:26 PM"}
{"level":"error","message":"Error: Can't set headers after they are sent.\n    at validateHeader (_http_outgoing.js:494:11)\n    at ServerResponse.setHeader (_http_outgoing.js:501:3)\n    at ServerResponse.header (/Users/alexandrapop/Documents/licenta/api/node_modules/express/lib/response.js:767:10)\n    at ServerResponse.json (/Users/alexandrapop/Documents/licenta/api/node_modules/express/lib/response.js:264:10)\n    at socialLogin (/Users/alexandrapop/Documents/licenta/api/app/controllers/usersController.js:28:16)\n    at Layer.handle [as handle_request] (/Users/alexandrapop/Documents/licenta/api/node_modules/express/lib/router/layer.js:95:5)\n    at next (/Users/alexandrapop/Documents/licenta/api/node_modules/express/lib/router/route.js:137:13)\n    at module.exports (/Users/alexandrapop/Documents/licenta/api/app/middlewares/assignToken.js:13:12)\n    at Layer.handle [as handle_request] (/Users/alexandrapop/Documents/licenta/api/node_modules/express/lib/router/layer.js:95:5)\n    at next (/Users/alexandrapop/Documents/licenta/api/node_modules/express/lib/router/route.js:137:13)\n    at complete (/Users/alexandrapop/Documents/licenta/api/node_modules/passport/lib/middleware/authenticate.js:263:13)\n    at /Users/alexandrapop/Documents/licenta/api/node_modules/passport/lib/middleware/authenticate.js:270:15\n    at pass (/Users/alexandrapop/Documents/licenta/api/node_modules/passport/lib/authenticator.js:431:14)\n    at Authenticator.transformAuthInfo (/Users/alexandrapop/Documents/licenta/api/node_modules/passport/lib/authenticator.js:453:5)\n    at /Users/alexandrapop/Documents/licenta/api/node_modules/passport/lib/middleware/authenticate.js:267:22\n    at IncomingMessage.req.login.req.logIn (/Users/alexandrapop/Documents/licenta/api/node_modules/passport/lib/http/request.js:55:13)","timestamp":"2:03:57 PM"}
{"level":"info","message":"Info message","timestamp":"2:19:24 PM"}
{"level":"warn","message":"Warning message","timestamp":"2:19:24 PM"}
{"level":"info","message":"Info message","timestamp":"2:19:26 PM"}
{"level":"warn","message":"Warning message","timestamp":"2:19:26 PM"}
{"level":"info","message":"Info message","timestamp":"2:19:29 PM"}
{"level":"warn","message":"Warning message","timestamp":"2:19:29 PM"}
{"level":"error","message":"Error: Can't set headers after they are sent.\n    at validateHeader (_http_outgoing.js:494:11)\n    at ServerResponse.setHeader (_http_outgoing.js:501:3)\n    at ServerResponse.header (/Users/alexandrapop/Documents/licenta/api/node_modules/express/lib/response.js:767:10)\n    at ServerResponse.json (/Users/alexandrapop/Documents/licenta/api/node_modules/express/lib/response.js:264:10)\n    at socialLogin (/Users/alexandrapop/Documents/licenta/api/app/controllers/usersController.js:32:16)\n    at Layer.handle [as handle_request] (/Users/alexandrapop/Documents/licenta/api/node_modules/express/lib/router/layer.js:95:5)\n    at next (/Users/alexandrapop/Documents/licenta/api/node_modules/express/lib/router/route.js:137:13)\n    at module.exports (/Users/alexandrapop/Documents/licenta/api/app/middlewares/assignToken.js:16:12)\n    at Layer.handle [as handle_request] (/Users/alexandrapop/Documents/licenta/api/node_modules/express/lib/router/layer.js:95:5)\n    at next (/Users/alexandrapop/Documents/licenta/api/node_modules/express/lib/router/route.js:137:13)\n    at complete (/Users/alexandrapop/Documents/licenta/api/node_modules/passport/lib/middleware/authenticate.js:263:13)\n    at /Users/alexandrapop/Documents/licenta/api/node_modules/passport/lib/middleware/authenticate.js:270:15\n    at pass (/Users/alexandrapop/Documents/licenta/api/node_modules/passport/lib/authenticator.js:431:14)\n    at Authenticator.transformAuthInfo (/Users/alexandrapop/Documents/licenta/api/node_modules/passport/lib/authenticator.js:453:5)\n    at /Users/alexandrapop/Documents/licenta/api/node_modules/passport/lib/middleware/authenticate.js:267:22\n    at IncomingMessage.req.login.req.logIn (/Users/alexandrapop/Documents/licenta/api/node_modules/passport/lib/http/request.js:55:13)","timestamp":"2:19:56 PM"}
{"level":"info","message":"Info message","timestamp":"2:22:29 PM"}
{"level":"warn","message":"Warning message","timestamp":"2:22:29 PM"}
{"level":"info","message":"Info message","timestamp":"2:22:30 PM"}
{"level":"warn","message":"Warning message","timestamp":"2:22:30 PM"}
{"level":"error","message":"Error: Can't set headers after they are sent.\n    at validateHeader (_http_outgoing.js:494:11)\n    at ServerResponse.setHeader (_http_outgoing.js:501:3)\n    at ServerResponse.header (/Users/alexandrapop/Documents/licenta/api/node_modules/express/lib/response.js:767:10)\n    at ServerResponse.json (/Users/alexandrapop/Documents/licenta/api/node_modules/express/lib/response.js:264:10)\n    at socialLogin (/Users/alexandrapop/Documents/licenta/api/app/controllers/usersController.js:33:16)\n    at Layer.handle [as handle_request] (/Users/alexandrapop/Documents/licenta/api/node_modules/express/lib/router/layer.js:95:5)\n    at next (/Users/alexandrapop/Documents/licenta/api/node_modules/express/lib/router/route.js:137:13)\n    at module.exports (/Users/alexandrapop/Documents/licenta/api/app/middlewares/assignToken.js:16:12)\n    at Layer.handle [as handle_request] (/Users/alexandrapop/Documents/licenta/api/node_modules/express/lib/router/layer.js:95:5)\n    at next (/Users/alexandrapop/Documents/licenta/api/node_modules/express/lib/router/route.js:137:13)\n    at complete (/Users/alexandrapop/Documents/licenta/api/node_modules/passport/lib/middleware/authenticate.js:263:13)\n    at /Users/alexandrapop/Documents/licenta/api/node_modules/passport/lib/middleware/authenticate.js:270:15\n    at pass (/Users/alexandrapop/Documents/licenta/api/node_modules/passport/lib/authenticator.js:431:14)\n    at Authenticator.transformAuthInfo (/Users/alexandrapop/Documents/licenta/api/node_modules/passport/lib/authenticator.js:453:5)\n    at /Users/alexandrapop/Documents/licenta/api/node_modules/passport/lib/middleware/authenticate.js:267:22\n    at IncomingMessage.req.login.req.logIn (/Users/alexandrapop/Documents/licenta/api/node_modules/passport/lib/http/request.js:55:13)","timestamp":"2:23:10 PM"}
{"level":"info","message":"Info message","timestamp":"2:27:21 PM"}
{"level":"warn","message":"Warning message","timestamp":"2:27:21 PM"}
{"level":"info","message":"Info message","timestamp":"2:56:24 PM"}
{"level":"warn","message":"Warning message","timestamp":"2:56:24 PM"}
{"level":"info","message":"Info message","timestamp":"2:56:39 PM"}
{"level":"warn","message":"Warning message","timestamp":"2:56:39 PM"}
{"level":"info","message":"Info message","timestamp":"2:56:48 PM"}
{"level":"warn","message":"Warning message","timestamp":"2:56:48 PM"}
{"level":"info","message":"Info message","timestamp":"2:56:49 PM"}
{"level":"warn","message":"Warning message","timestamp":"2:56:49 PM"}
{"level":"info","message":"Info message","timestamp":"2:56:50 PM"}
{"level":"warn","message":"Warning message","timestamp":"2:56:50 PM"}
{"level":"error","message":"Error: Can't set headers after they are sent.\n    at validateHeader (_http_outgoing.js:494:11)\n    at ServerResponse.setHeader (_http_outgoing.js:501:3)\n    at ServerResponse.header (/Users/alexandrapop/Documents/licenta/api/node_modules/express/lib/response.js:767:10)\n    at ServerResponse.json (/Users/alexandrapop/Documents/licenta/api/node_modules/express/lib/response.js:264:10)\n    at socialLogin (/Users/alexandrapop/Documents/licenta/api/app/controllers/usersController.js:34:16)\n    at Layer.handle [as handle_request] (/Users/alexandrapop/Documents/licenta/api/node_modules/express/lib/router/layer.js:95:5)\n    at next (/Users/alexandrapop/Documents/licenta/api/node_modules/express/lib/router/route.js:137:13)\n    at module.exports (/Users/alexandrapop/Documents/licenta/api/app/middlewares/assignToken.js:16:12)\n    at Layer.handle [as handle_request] (/Users/alexandrapop/Documents/licenta/api/node_modules/express/lib/router/layer.js:95:5)\n    at next (/Users/alexandrapop/Documents/licenta/api/node_modules/express/lib/router/route.js:137:13)\n    at complete (/Users/alexandrapop/Documents/licenta/api/node_modules/passport/lib/middleware/authenticate.js:263:13)\n    at /Users/alexandrapop/Documents/licenta/api/node_modules/passport/lib/middleware/authenticate.js:270:15\n    at pass (/Users/alexandrapop/Documents/licenta/api/node_modules/passport/lib/authenticator.js:431:14)\n    at Authenticator.transformAuthInfo (/Users/alexandrapop/Documents/licenta/api/node_modules/passport/lib/authenticator.js:453:5)\n    at /Users/alexandrapop/Documents/licenta/api/node_modules/passport/lib/middleware/authenticate.js:267:22\n    at IncomingMessage.req.login.req.logIn (/Users/alexandrapop/Documents/licenta/api/node_modules/passport/lib/http/request.js:55:13)","timestamp":"2:57:02 PM"}
{"level":"info","message":"Info message","timestamp":"2:57:29 PM"}
{"level":"warn","message":"Warning message","timestamp":"2:57:29 PM"}
{"level":"error","message":"InternalOAuthError: Failed to fetch user profile\n    at /Users/alexandrapop/Documents/licenta/api/node_modules/passport-facebook-token/lib/index.js:155:32\n    at passBackControl (/Users/alexandrapop/Documents/licenta/api/node_modules/oauth/lib/oauth2.js:132:9)\n    at IncomingMessage.<anonymous> (/Users/alexandrapop/Documents/licenta/api/node_modules/oauth/lib/oauth2.js:157:7)\n    at emitNone (events.js:111:20)\n    at IncomingMessage.emit (events.js:208:7)\n    at endReadableNT (_stream_readable.js:1056:12)\n    at _combinedTickCallback (internal/process/next_tick.js:138:11)\n    at process._tickCallback (internal/process/next_tick.js:180:9)","timestamp":"3:18:54 PM"}
{"level":"info","message":"Info message","timestamp":"3:19:06 PM"}
{"level":"warn","message":"Warning message","timestamp":"3:19:06 PM"}
{"level":"info","message":"Info message","timestamp":"3:19:33 PM"}
{"level":"warn","message":"Warning message","timestamp":"3:19:33 PM"}
{"level":"error","message":"InternalOAuthError: Failed to fetch user profile\n    at /Users/alexandrapop/Documents/licenta/api/node_modules/passport-facebook-token/lib/index.js:155:32\n    at passBackControl (/Users/alexandrapop/Documents/licenta/api/node_modules/oauth/lib/oauth2.js:132:9)\n    at IncomingMessage.<anonymous> (/Users/alexandrapop/Documents/licenta/api/node_modules/oauth/lib/oauth2.js:157:7)\n    at emitNone (events.js:111:20)\n    at IncomingMessage.emit (events.js:208:7)\n    at endReadableNT (_stream_readable.js:1056:12)\n    at _combinedTickCallback (internal/process/next_tick.js:138:11)\n    at process._tickCallback (internal/process/next_tick.js:180:9)","timestamp":"3:19:41 PM"}
{"level":"error","message":"InternalOAuthError: Failed to fetch user profile\n    at /Users/alexandrapop/Documents/licenta/api/node_modules/passport-facebook-token/lib/index.js:155:32\n    at passBackControl (/Users/alexandrapop/Documents/licenta/api/node_modules/oauth/lib/oauth2.js:132:9)\n    at IncomingMessage.<anonymous> (/Users/alexandrapop/Documents/licenta/api/node_modules/oauth/lib/oauth2.js:157:7)\n    at emitNone (events.js:111:20)\n    at IncomingMessage.emit (events.js:208:7)\n    at endReadableNT (_stream_readable.js:1056:12)\n    at _combinedTickCallback (internal/process/next_tick.js:138:11)\n    at process._tickCallback (internal/process/next_tick.js:180:9)","timestamp":"3:20:03 PM"}
{"level":"info","message":"Info message","timestamp":"3:20:37 PM"}
{"level":"warn","message":"Warning message","timestamp":"3:20:37 PM"}
{"level":"error","message":"InternalOAuthError: Failed to fetch user profile\n    at /Users/alexandrapop/Documents/licenta/api/node_modules/passport-facebook-token/lib/index.js:155:32\n    at passBackControl (/Users/alexandrapop/Documents/licenta/api/node_modules/oauth/lib/oauth2.js:132:9)\n    at IncomingMessage.<anonymous> (/Users/alexandrapop/Documents/licenta/api/node_modules/oauth/lib/oauth2.js:157:7)\n    at emitNone (events.js:111:20)\n    at IncomingMessage.emit (events.js:208:7)\n    at endReadableNT (_stream_readable.js:1056:12)\n    at _combinedTickCallback (internal/process/next_tick.js:138:11)\n    at process._tickCallback (internal/process/next_tick.js:180:9)","timestamp":"3:20:43 PM"}
{"level":"info","message":"Info message","timestamp":"3:24:30 PM"}
{"level":"warn","message":"Warning message","timestamp":"3:24:30 PM"}
{"level":"error","message":"InternalOAuthError: Failed to fetch user profile\n    at /Users/alexandrapop/Documents/licenta/api/node_modules/passport-facebook-token/lib/index.js:155:32\n    at passBackControl (/Users/alexandrapop/Documents/licenta/api/node_modules/oauth/lib/oauth2.js:132:9)\n    at IncomingMessage.<anonymous> (/Users/alexandrapop/Documents/licenta/api/node_modules/oauth/lib/oauth2.js:157:7)\n    at emitNone (events.js:111:20)\n    at IncomingMessage.emit (events.js:208:7)\n    at endReadableNT (_stream_readable.js:1056:12)\n    at _combinedTickCallback (internal/process/next_tick.js:138:11)\n    at process._tickCallback (internal/process/next_tick.js:180:9)","timestamp":"3:24:35 PM"}
{"level":"info","message":"Info message","timestamp":"3:29:35 PM"}
{"level":"warn","message":"Warning message","timestamp":"3:29:35 PM"}
{"level":"info","message":"Info message","timestamp":"3:29:36 PM"}
{"level":"warn","message":"Warning message","timestamp":"3:29:36 PM"}
{"level":"info","message":"Info message","timestamp":"3:29:39 PM"}
{"level":"warn","message":"Warning message","timestamp":"3:29:39 PM"}
{"level":"info","message":"Info message","timestamp":"3:29:44 PM"}
{"level":"warn","message":"Warning message","timestamp":"3:29:44 PM"}
{"level":"info","message":"Info message","timestamp":"3:29:56 PM"}
{"level":"info","message":"Info message","timestamp":"3:29:58 PM"}
{"level":"warn","message":"Warning message","timestamp":"3:29:58 PM"}
{"level":"info","message":"Info message","timestamp":"3:30:01 PM"}
{"level":"warn","message":"Warning message","timestamp":"3:30:01 PM"}
{"level":"info","message":"Info message","timestamp":"3:30:04 PM"}
{"level":"warn","message":"Warning message","timestamp":"3:30:04 PM"}
{"level":"info","message":"Info message","timestamp":"3:30:05 PM"}
{"level":"warn","message":"Warning message","timestamp":"3:30:05 PM"}
{"level":"info","message":"Info message","timestamp":"3:30:06 PM"}
{"level":"warn","message":"Warning message","timestamp":"3:30:06 PM"}
{"level":"info","message":"Info message","timestamp":"3:30:23 PM"}
{"level":"warn","message":"Warning message","timestamp":"3:30:23 PM"}
{"level":"info","message":"Info message","timestamp":"3:30:29 PM"}
{"level":"warn","message":"Warning message","timestamp":"3:30:29 PM"}
{"level":"info","message":"Info message","timestamp":"3:52:47 PM"}
{"level":"warn","message":"Warning message","timestamp":"3:52:47 PM"}
{"level":"info","message":"Info message","timestamp":"11:20:32 AM"}
{"level":"warn","message":"Warning message","timestamp":"11:20:32 AM"}
{"level":"info","message":"Info message","timestamp":"1:08:04 PM"}
{"level":"warn","message":"Warning message","timestamp":"1:08:04 PM"}
{"level":"info","message":"Info message","timestamp":"1:08:41 PM"}
{"level":"warn","message":"Warning message","timestamp":"1:08:41 PM"}
{"level":"info","message":"Info message","timestamp":"1:09:44 PM"}
{"level":"warn","message":"Warning message","timestamp":"1:09:44 PM"}
{"level":"info","message":"Info message","timestamp":"1:09:52 PM"}
{"level":"warn","message":"Warning message","timestamp":"1:09:52 PM"}
{"level":"error","message":"Error: Can't set headers after they are sent.\n    at validateHeader (_http_outgoing.js:494:11)\n    at ServerResponse.setHeader (_http_outgoing.js:501:3)\n    at ServerResponse.header (/Users/alexandrapop/Documents/licenta/api/node_modules/express/lib/response.js:767:10)\n    at ServerResponse.send (/Users/alexandrapop/Documents/licenta/api/node_modules/express/lib/response.js:170:12)\n    at ServerResponse.json (/Users/alexandrapop/Documents/licenta/api/node_modules/express/lib/response.js:267:15)\n    at socialLogin (/Users/alexandrapop/Documents/licenta/api/app/controllers/usersController.js:34:16)\n    at Layer.handle [as handle_request] (/Users/alexandrapop/Documents/licenta/api/node_modules/express/lib/router/layer.js:95:5)\n    at next (/Users/alexandrapop/Documents/licenta/api/node_modules/express/lib/router/route.js:137:13)\n    at passport.authenticate (/Users/alexandrapop/Documents/licenta/api/app/config/routes.js:24:20)\n    at FacebookTokenStrategy.strategy.success (/Users/alexandrapop/Documents/licenta/api/node_modules/passport/lib/middleware/authenticate.js:214:18)\n    at verified (/Users/alexandrapop/Documents/licenta/api/node_modules/passport-facebook-token/lib/index.js:102:25)\n    at user.save (/Users/alexandrapop/Documents/licenta/api/app/config/passport/facebookStrategy.js:32:32)\n    at /Users/alexandrapop/Documents/licenta/api/node_modules/mongoose/lib/model.js:4074:16\n    at /Users/alexandrapop/Documents/licenta/api/node_modules/mongoose/lib/services/model/applyHooks.js:170:20\n    at _combinedTickCallback (internal/process/next_tick.js:131:7)\n    at process._tickCallback (internal/process/next_tick.js:180:9)","timestamp":"1:09:56 PM"}
{"level":"info","message":"Info message","timestamp":"1:10:54 PM"}
{"level":"warn","message":"Warning message","timestamp":"1:10:54 PM"}
{"level":"error","message":"Error: Can't set headers after they are sent.\n    at validateHeader (_http_outgoing.js:494:11)\n    at ServerResponse.setHeader (_http_outgoing.js:501:3)\n    at ServerResponse.header (/Users/alexandrapop/Documents/licenta/api/node_modules/express/lib/response.js:767:10)\n    at ServerResponse.send (/Users/alexandrapop/Documents/licenta/api/node_modules/express/lib/response.js:170:12)\n    at ServerResponse.json (/Users/alexandrapop/Documents/licenta/api/node_modules/express/lib/response.js:267:15)\n    at socialLogin (/Users/alexandrapop/Documents/licenta/api/app/controllers/usersController.js:34:16)\n    at Layer.handle [as handle_request] (/Users/alexandrapop/Documents/licenta/api/node_modules/express/lib/router/layer.js:95:5)\n    at next (/Users/alexandrapop/Documents/licenta/api/node_modules/express/lib/router/route.js:137:13)\n    at passport.authenticate (/Users/alexandrapop/Documents/licenta/api/app/config/routes.js:24:20)\n    at FacebookTokenStrategy.strategy.success (/Users/alexandrapop/Documents/licenta/api/node_modules/passport/lib/middleware/authenticate.js:214:18)\n    at verified (/Users/alexandrapop/Documents/licenta/api/node_modules/passport-facebook-token/lib/index.js:102:25)\n    at user.save (/Users/alexandrapop/Documents/licenta/api/app/config/passport/facebookStrategy.js:32:32)\n    at /Users/alexandrapop/Documents/licenta/api/node_modules/mongoose/lib/model.js:4074:16\n    at /Users/alexandrapop/Documents/licenta/api/node_modules/mongoose/lib/services/model/applyHooks.js:170:20\n    at _combinedTickCallback (internal/process/next_tick.js:131:7)\n    at process._tickCallback (internal/process/next_tick.js:180:9)","timestamp":"1:11:08 PM"}
{"level":"info","message":"Info message","timestamp":"1:13:15 PM"}
{"level":"warn","message":"Warning message","timestamp":"1:13:15 PM"}
{"level":"info","message":"Info message","timestamp":"1:15:31 PM"}
{"level":"warn","message":"Warning message","timestamp":"1:15:31 PM"}
{"level":"error","message":"Error: Can't set headers after they are sent.\n    at validateHeader (_http_outgoing.js:494:11)\n    at ServerResponse.setHeader (_http_outgoing.js:501:3)\n    at ServerResponse.header (/Users/alexandrapop/Documents/licenta/api/node_modules/express/lib/response.js:767:10)\n    at ServerResponse.send (/Users/alexandrapop/Documents/licenta/api/node_modules/express/lib/response.js:170:12)\n    at ServerResponse.json (/Users/alexandrapop/Documents/licenta/api/node_modules/express/lib/response.js:267:15)\n    at socialLogin (/Users/alexandrapop/Documents/licenta/api/app/controllers/usersController.js:34:9)\n    at Layer.handle [as handle_request] (/Users/alexandrapop/Documents/licenta/api/node_modules/express/lib/router/layer.js:95:5)\n    at next (/Users/alexandrapop/Documents/licenta/api/node_modules/express/lib/router/route.js:137:13)\n    at passport.authenticate (/Users/alexandrapop/Documents/licenta/api/app/config/routes.js:24:20)\n    at FacebookTokenStrategy.strategy.success (/Users/alexandrapop/Documents/licenta/api/node_modules/passport/lib/middleware/authenticate.js:214:18)\n    at verified (/Users/alexandrapop/Documents/licenta/api/node_modules/passport-facebook-token/lib/index.js:102:25)\n    at user.save (/Users/alexandrapop/Documents/licenta/api/app/config/passport/facebookStrategy.js:31:32)\n    at /Users/alexandrapop/Documents/licenta/api/node_modules/mongoose/lib/model.js:4074:16\n    at /Users/alexandrapop/Documents/licenta/api/node_modules/mongoose/lib/services/model/applyHooks.js:170:20\n    at _combinedTickCallback (internal/process/next_tick.js:131:7)\n    at process._tickCallback (internal/process/next_tick.js:180:9)","timestamp":"1:15:34 PM"}
{"level":"info","message":"Info message","timestamp":"1:16:08 PM"}
{"level":"warn","message":"Warning message","timestamp":"1:16:08 PM"}
{"level":"info","message":"Info message","timestamp":"1:21:23 PM"}
{"level":"warn","message":"Warning message","timestamp":"1:21:23 PM"}
{"level":"info","message":"Info message","timestamp":"1:27:52 PM"}
{"level":"warn","message":"Warning message","timestamp":"1:27:52 PM"}
{"level":"info","message":"Info message","timestamp":"1:27:56 PM"}
{"level":"warn","message":"Warning message","timestamp":"1:27:56 PM"}
{"level":"error","message":"Error: Can't set headers after they are sent.\n    at validateHeader (_http_outgoing.js:494:11)\n    at ServerResponse.setHeader (_http_outgoing.js:501:3)\n    at ServerResponse.header (/Users/alexandrapop/Documents/licenta/api/node_modules/express/lib/response.js:767:10)\n    at ServerResponse.send (/Users/alexandrapop/Documents/licenta/api/node_modules/express/lib/response.js:170:12)\n    at ServerResponse.json (/Users/alexandrapop/Documents/licenta/api/node_modules/express/lib/response.js:267:15)\n    at socialLogin (/Users/alexandrapop/Documents/licenta/api/app/controllers/usersController.js:34:9)\n    at Layer.handle [as handle_request] (/Users/alexandrapop/Documents/licenta/api/node_modules/express/lib/router/layer.js:95:5)\n    at next (/Users/alexandrapop/Documents/licenta/api/node_modules/express/lib/router/route.js:137:13)\n    at passport.authenticate (/Users/alexandrapop/Documents/licenta/api/app/config/routes.js:23:16)\n    at FacebookTokenStrategy.strategy.success (/Users/alexandrapop/Documents/licenta/api/node_modules/passport/lib/middleware/authenticate.js:214:18)\n    at verified (/Users/alexandrapop/Documents/licenta/api/node_modules/passport-facebook-token/lib/index.js:102:25)\n    at user.save (/Users/alexandrapop/Documents/licenta/api/app/config/passport/facebookStrategy.js:31:32)\n    at /Users/alexandrapop/Documents/licenta/api/node_modules/mongoose/lib/model.js:4074:16\n    at /Users/alexandrapop/Documents/licenta/api/node_modules/mongoose/lib/services/model/applyHooks.js:170:20\n    at _combinedTickCallback (internal/process/next_tick.js:131:7)\n    at process._tickCallback (internal/process/next_tick.js:180:9)","timestamp":"1:28:08 PM"}
{"level":"info","message":"Info message","timestamp":"1:39:59 PM"}
{"level":"warn","message":"Warning message","timestamp":"1:39:59 PM"}
{"level":"info","message":"Info message","timestamp":"1:40:12 PM"}
{"level":"warn","message":"Warning message","timestamp":"1:40:12 PM"}
{"level":"error","message":"Error: Can't set headers after they are sent.\n    at validateHeader (_http_outgoing.js:494:11)\n    at ServerResponse.setHeader (_http_outgoing.js:501:3)\n    at ServerResponse.header (/Users/alexandrapop/Documents/licenta/api/node_modules/express/lib/response.js:767:10)\n    at ServerResponse.send (/Users/alexandrapop/Documents/licenta/api/node_modules/express/lib/response.js:170:12)\n    at ServerResponse.json (/Users/alexandrapop/Documents/licenta/api/node_modules/express/lib/response.js:267:15)\n    at socialLogin (/Users/alexandrapop/Documents/licenta/api/app/controllers/usersController.js:34:9)\n    at Layer.handle [as handle_request] (/Users/alexandrapop/Documents/licenta/api/node_modules/express/lib/router/layer.js:95:5)\n    at next (/Users/alexandrapop/Documents/licenta/api/node_modules/express/lib/router/route.js:137:13)\n    at passport.authenticate (/Users/alexandrapop/Documents/licenta/api/app/config/routes.js:23:16)\n    at FacebookTokenStrategy.strategy.success (/Users/alexandrapop/Documents/licenta/api/node_modules/passport/lib/middleware/authenticate.js:214:18)\n    at verified (/Users/alexandrapop/Documents/licenta/api/node_modules/passport-facebook-token/lib/index.js:102:25)\n    at user.save (/Users/alexandrapop/Documents/licenta/api/app/config/passport/facebookStrategy.js:31:32)\n    at /Users/alexandrapop/Documents/licenta/api/node_modules/mongoose/lib/model.js:4074:16\n    at /Users/alexandrapop/Documents/licenta/api/node_modules/mongoose/lib/services/model/applyHooks.js:170:20\n    at _combinedTickCallback (internal/process/next_tick.js:131:7)\n    at process._tickCallback (internal/process/next_tick.js:180:9)","timestamp":"1:40:23 PM"}
{"level":"info","message":"Info message","timestamp":"1:50:31 PM"}
{"level":"warn","message":"Warning message","timestamp":"1:50:31 PM"}
{"level":"error","message":"Error: Can't set headers after they are sent.\n    at validateHeader (_http_outgoing.js:494:11)\n    at ServerResponse.setHeader (_http_outgoing.js:501:3)\n    at ServerResponse.header (/Users/alexandrapop/Documents/licenta/api/node_modules/express/lib/response.js:767:10)\n    at ServerResponse.send (/Users/alexandrapop/Documents/licenta/api/node_modules/express/lib/response.js:170:12)\n    at ServerResponse.json (/Users/alexandrapop/Documents/licenta/api/node_modules/express/lib/response.js:267:15)\n    at socialLogin (/Users/alexandrapop/Documents/licenta/api/app/controllers/usersController.js:34:9)\n    at Layer.handle [as handle_request] (/Users/alexandrapop/Documents/licenta/api/node_modules/express/lib/router/layer.js:95:5)\n    at next (/Users/alexandrapop/Documents/licenta/api/node_modules/express/lib/router/route.js:137:13)\n    at passport.authenticate (/Users/alexandrapop/Documents/licenta/api/app/config/routes.js:24:16)\n    at FacebookTokenStrategy.strategy.success (/Users/alexandrapop/Documents/licenta/api/node_modules/passport/lib/middleware/authenticate.js:214:18)\n    at verified (/Users/alexandrapop/Documents/licenta/api/node_modules/passport-facebook-token/lib/index.js:102:25)\n    at user.save (/Users/alexandrapop/Documents/licenta/api/app/config/passport/facebookStrategy.js:31:32)\n    at /Users/alexandrapop/Documents/licenta/api/node_modules/mongoose/lib/model.js:4074:16\n    at /Users/alexandrapop/Documents/licenta/api/node_modules/mongoose/lib/services/model/applyHooks.js:170:20\n    at _combinedTickCallback (internal/process/next_tick.js:131:7)\n    at process._tickCallback (internal/process/next_tick.js:180:9)","timestamp":"1:50:42 PM"}
{"level":"info","message":"Info message","timestamp":"1:51:04 PM"}
{"level":"warn","message":"Warning message","timestamp":"1:51:04 PM"}
{"level":"info","message":"Info message","timestamp":"1:51:11 PM"}
{"level":"warn","message":"Warning message","timestamp":"1:51:11 PM"}
{"level":"info","message":"Info message","timestamp":"1:51:23 PM"}
{"level":"warn","message":"Warning message","timestamp":"1:51:23 PM"}
{"level":"error","message":"Error: Can't set headers after they are sent.\n    at validateHeader (_http_outgoing.js:494:11)\n    at ServerResponse.setHeader (_http_outgoing.js:501:3)\n    at ServerResponse.header (/Users/alexandrapop/Documents/licenta/api/node_modules/express/lib/response.js:767:10)\n    at ServerResponse.send (/Users/alexandrapop/Documents/licenta/api/node_modules/express/lib/response.js:170:12)\n    at ServerResponse.json (/Users/alexandrapop/Documents/licenta/api/node_modules/express/lib/response.js:267:15)\n    at socialLogin (/Users/alexandrapop/Documents/licenta/api/app/controllers/usersController.js:34:9)\n    at Layer.handle [as handle_request] (/Users/alexandrapop/Documents/licenta/api/node_modules/express/lib/router/layer.js:95:5)\n    at next (/Users/alexandrapop/Documents/licenta/api/node_modules/express/lib/router/route.js:137:13)\n    at passport.authenticate (/Users/alexandrapop/Documents/licenta/api/app/config/routes.js:24:16)\n    at FacebookTokenStrategy.strategy.success (/Users/alexandrapop/Documents/licenta/api/node_modules/passport/lib/middleware/authenticate.js:214:18)\n    at verified (/Users/alexandrapop/Documents/licenta/api/node_modules/passport-facebook-token/lib/index.js:102:25)\n    at user.save (/Users/alexandrapop/Documents/licenta/api/app/config/passport/facebookStrategy.js:31:32)\n    at /Users/alexandrapop/Documents/licenta/api/node_modules/mongoose/lib/model.js:4074:16\n    at /Users/alexandrapop/Documents/licenta/api/node_modules/mongoose/lib/services/model/applyHooks.js:170:20\n    at _combinedTickCallback (internal/process/next_tick.js:131:7)\n    at process._tickCallback (internal/process/next_tick.js:180:9)","timestamp":"1:51:30 PM"}
{"level":"info","message":"Info message","timestamp":"1:54:16 PM"}
{"level":"warn","message":"Warning message","timestamp":"1:54:16 PM"}
{"level":"error","message":"Error: Can't set headers after they are sent.\n    at validateHeader (_http_outgoing.js:494:11)\n    at ServerResponse.setHeader (_http_outgoing.js:501:3)\n    at ServerResponse.header (/Users/alexandrapop/Documents/licenta/api/node_modules/express/lib/response.js:767:10)\n    at ServerResponse.send (/Users/alexandrapop/Documents/licenta/api/node_modules/express/lib/response.js:170:12)\n    at ServerResponse.json (/Users/alexandrapop/Documents/licenta/api/node_modules/express/lib/response.js:267:15)\n    at socialLogin (/Users/alexandrapop/Documents/licenta/api/app/controllers/usersController.js:34:9)\n    at Layer.handle [as handle_request] (/Users/alexandrapop/Documents/licenta/api/node_modules/express/lib/router/layer.js:95:5)\n    at next (/Users/alexandrapop/Documents/licenta/api/node_modules/express/lib/router/route.js:137:13)\n    at passport.authenticate (/Users/alexandrapop/Documents/licenta/api/app/config/routes.js:24:16)\n    at FacebookTokenStrategy.strategy.success (/Users/alexandrapop/Documents/licenta/api/node_modules/passport/lib/middleware/authenticate.js:214:18)\n    at verified (/Users/alexandrapop/Documents/licenta/api/node_modules/passport-facebook-token/lib/index.js:102:25)\n    at user.save (/Users/alexandrapop/Documents/licenta/api/app/config/passport/facebookStrategy.js:31:32)\n    at /Users/alexandrapop/Documents/licenta/api/node_modules/mongoose/lib/model.js:4074:16\n    at /Users/alexandrapop/Documents/licenta/api/node_modules/mongoose/lib/services/model/applyHooks.js:170:20\n    at _combinedTickCallback (internal/process/next_tick.js:131:7)\n    at process._tickCallback (internal/process/next_tick.js:180:9)","timestamp":"1:54:25 PM"}
{"level":"info","message":"Info message","timestamp":"1:56:01 PM"}
{"level":"warn","message":"Warning message","timestamp":"1:56:01 PM"}
{"level":"info","message":"Info message","timestamp":"1:56:31 PM"}
{"level":"warn","message":"Warning message","timestamp":"1:56:31 PM"}
{"level":"info","message":"Info message","timestamp":"1:56:50 PM"}
{"level":"warn","message":"Warning message","timestamp":"1:56:50 PM"}
{"level":"info","message":"Info message","timestamp":"1:56:53 PM"}
{"level":"warn","message":"Warning message","timestamp":"1:56:53 PM"}
{"level":"error","message":"Error: Can't set headers after they are sent.\n    at validateHeader (_http_outgoing.js:494:11)\n    at ServerResponse.setHeader (_http_outgoing.js:501:3)\n    at ServerResponse.header (/Users/alexandrapop/Documents/licenta/api/node_modules/express/lib/response.js:767:10)\n    at ServerResponse.json (/Users/alexandrapop/Documents/licenta/api/node_modules/express/lib/response.js:264:10)\n    at socialLogin (/Users/alexandrapop/Documents/licenta/api/app/controllers/usersController.js:34:9)\n    at Layer.handle [as handle_request] (/Users/alexandrapop/Documents/licenta/api/node_modules/express/lib/router/layer.js:95:5)\n    at next (/Users/alexandrapop/Documents/licenta/api/node_modules/express/lib/router/route.js:137:13)\n    at module.exports (/Users/alexandrapop/Documents/licenta/api/app/middlewares/assignToken.js:16:12)\n    at Layer.handle [as handle_request] (/Users/alexandrapop/Documents/licenta/api/node_modules/express/lib/router/layer.js:95:5)\n    at next (/Users/alexandrapop/Documents/licenta/api/node_modules/express/lib/router/route.js:137:13)\n    at complete (/Users/alexandrapop/Documents/licenta/api/node_modules/passport/lib/middleware/authenticate.js:263:13)\n    at /Users/alexandrapop/Documents/licenta/api/node_modules/passport/lib/middleware/authenticate.js:270:15\n    at pass (/Users/alexandrapop/Documents/licenta/api/node_modules/passport/lib/authenticator.js:431:14)\n    at Authenticator.transformAuthInfo (/Users/alexandrapop/Documents/licenta/api/node_modules/passport/lib/authenticator.js:453:5)\n    at /Users/alexandrapop/Documents/licenta/api/node_modules/passport/lib/middleware/authenticate.js:267:22\n    at IncomingMessage.req.login.req.logIn (/Users/alexandrapop/Documents/licenta/api/node_modules/passport/lib/http/request.js:55:13)","timestamp":"1:57:01 PM"}
{"level":"info","message":"Info message","timestamp":"1:57:59 PM"}
{"level":"warn","message":"Warning message","timestamp":"1:57:59 PM"}
{"level":"info","message":"Info message","timestamp":"2:00:10 PM"}
{"level":"warn","message":"Warning message","timestamp":"2:00:10 PM"}
{"level":"info","message":"Info message","timestamp":"2:00:53 PM"}
{"level":"warn","message":"Warning message","timestamp":"2:00:53 PM"}
{"level":"info","message":"Info message","timestamp":"2:00:56 PM"}
{"level":"warn","message":"Warning message","timestamp":"2:00:56 PM"}
{"level":"error","message":"Error: Can't set headers after they are sent.\n    at validateHeader (_http_outgoing.js:494:11)\n    at ServerResponse.setHeader (_http_outgoing.js:501:3)\n    at ServerResponse.header (/Users/alexandrapop/Documents/licenta/api/node_modules/express/lib/response.js:767:10)\n    at ServerResponse.json (/Users/alexandrapop/Documents/licenta/api/node_modules/express/lib/response.js:264:10)\n    at socialLogin (/Users/alexandrapop/Documents/licenta/api/app/controllers/usersController.js:34:9)\n    at Layer.handle [as handle_request] (/Users/alexandrapop/Documents/licenta/api/node_modules/express/lib/router/layer.js:95:5)\n    at next (/Users/alexandrapop/Documents/licenta/api/node_modules/express/lib/router/route.js:137:13)\n    at module.exports (/Users/alexandrapop/Documents/licenta/api/app/middlewares/assignToken.js:16:12)\n    at Layer.handle [as handle_request] (/Users/alexandrapop/Documents/licenta/api/node_modules/express/lib/router/layer.js:95:5)\n    at next (/Users/alexandrapop/Documents/licenta/api/node_modules/express/lib/router/route.js:137:13)\n    at complete (/Users/alexandrapop/Documents/licenta/api/node_modules/passport/lib/middleware/authenticate.js:263:13)\n    at /Users/alexandrapop/Documents/licenta/api/node_modules/passport/lib/middleware/authenticate.js:270:15\n    at pass (/Users/alexandrapop/Documents/licenta/api/node_modules/passport/lib/authenticator.js:431:14)\n    at Authenticator.transformAuthInfo (/Users/alexandrapop/Documents/licenta/api/node_modules/passport/lib/authenticator.js:453:5)\n    at /Users/alexandrapop/Documents/licenta/api/node_modules/passport/lib/middleware/authenticate.js:267:22\n    at IncomingMessage.req.login.req.logIn (/Users/alexandrapop/Documents/licenta/api/node_modules/passport/lib/http/request.js:55:13)","timestamp":"2:01:08 PM"}
{"level":"info","message":"Info message","timestamp":"2:01:47 PM"}
{"level":"warn","message":"Warning message","timestamp":"2:01:47 PM"}
{"level":"error","message":"Error: Can't set headers after they are sent.\n    at validateHeader (_http_outgoing.js:494:11)\n    at ServerResponse.setHeader (_http_outgoing.js:501:3)\n    at ServerResponse.header (/Users/alexandrapop/Documents/licenta/api/node_modules/express/lib/response.js:767:10)\n    at ServerResponse.json (/Users/alexandrapop/Documents/licenta/api/node_modules/express/lib/response.js:264:10)\n    at socialLogin (/Users/alexandrapop/Documents/licenta/api/app/controllers/usersController.js:34:9)\n    at Layer.handle [as handle_request] (/Users/alexandrapop/Documents/licenta/api/node_modules/express/lib/router/layer.js:95:5)\n    at next (/Users/alexandrapop/Documents/licenta/api/node_modules/express/lib/router/route.js:137:13)\n    at module.exports (/Users/alexandrapop/Documents/licenta/api/app/middlewares/assignToken.js:16:12)\n    at Layer.handle [as handle_request] (/Users/alexandrapop/Documents/licenta/api/node_modules/express/lib/router/layer.js:95:5)\n    at next (/Users/alexandrapop/Documents/licenta/api/node_modules/express/lib/router/route.js:137:13)\n    at complete (/Users/alexandrapop/Documents/licenta/api/node_modules/passport/lib/middleware/authenticate.js:263:13)\n    at /Users/alexandrapop/Documents/licenta/api/node_modules/passport/lib/middleware/authenticate.js:270:15\n    at pass (/Users/alexandrapop/Documents/licenta/api/node_modules/passport/lib/authenticator.js:431:14)\n    at Authenticator.transformAuthInfo (/Users/alexandrapop/Documents/licenta/api/node_modules/passport/lib/authenticator.js:453:5)\n    at /Users/alexandrapop/Documents/licenta/api/node_modules/passport/lib/middleware/authenticate.js:267:22\n    at IncomingMessage.req.login.req.logIn (/Users/alexandrapop/Documents/licenta/api/node_modules/passport/lib/http/request.js:55:13)","timestamp":"2:02:09 PM"}
{"level":"info","message":"Info message","timestamp":"2:03:13 PM"}
{"level":"warn","message":"Warning message","timestamp":"2:03:13 PM"}
{"level":"info","message":"Info message","timestamp":"2:03:39 PM"}
{"level":"warn","message":"Warning message","timestamp":"2:03:39 PM"}
{"level":"info","message":"Info message","timestamp":"2:03:55 PM"}
{"level":"warn","message":"Warning message","timestamp":"2:03:55 PM"}
{"level":"info","message":"Info message","timestamp":"2:04:02 PM"}
{"level":"warn","message":"Warning message","timestamp":"2:04:02 PM"}
{"level":"info","message":"Info message","timestamp":"2:05:15 PM"}
{"level":"warn","message":"Warning message","timestamp":"2:05:15 PM"}
{"level":"info","message":"Info message","timestamp":"2:05:20 PM"}
{"level":"warn","message":"Warning message","timestamp":"2:05:20 PM"}
{"level":"info","message":"Info message","timestamp":"2:06:05 PM"}
{"level":"warn","message":"Warning message","timestamp":"2:06:05 PM"}
{"level":"info","message":"Info message","timestamp":"2:07:05 PM"}
{"level":"warn","message":"Warning message","timestamp":"2:07:05 PM"}
{"level":"info","message":"Info message","timestamp":"2:07:08 PM"}
{"level":"warn","message":"Warning message","timestamp":"2:07:08 PM"}
{"level":"info","message":"Info message","timestamp":"2:08:52 PM"}
{"level":"warn","message":"Warning message","timestamp":"2:08:52 PM"}
{"level":"info","message":"Info message","timestamp":"2:09:29 PM"}
{"level":"warn","message":"Warning message","timestamp":"2:09:29 PM"}
{"level":"info","message":"Info message","timestamp":"2:09:31 PM"}
{"level":"warn","message":"Warning message","timestamp":"2:09:31 PM"}
{"level":"info","message":"Info message","timestamp":"2:11:26 PM"}
{"level":"warn","message":"Warning message","timestamp":"2:11:26 PM"}
{"level":"info","message":"Info message","timestamp":"2:11:34 PM"}
{"level":"warn","message":"Warning message","timestamp":"2:11:34 PM"}
{"level":"info","message":"Info message","timestamp":"2:13:09 PM"}
{"level":"warn","message":"Warning message","timestamp":"2:13:09 PM"}
{"level":"info","message":"Info message","timestamp":"2:14:33 PM"}
{"level":"warn","message":"Warning message","timestamp":"2:14:33 PM"}
{"level":"info","message":"Info message","timestamp":"2:15:13 PM"}
{"level":"warn","message":"Warning message","timestamp":"2:15:13 PM"}
{"level":"info","message":"Info message","timestamp":"2:18:23 PM"}
{"level":"warn","message":"Warning message","timestamp":"2:18:23 PM"}
{"level":"info","message":"Info message","timestamp":"2:23:22 PM"}
{"level":"warn","message":"Warning message","timestamp":"2:23:22 PM"}
{"level":"info","message":"Info message","timestamp":"2:25:12 PM"}
{"level":"warn","message":"Warning message","timestamp":"2:25:12 PM"}
{"level":"info","message":"Info message","timestamp":"2:25:14 PM"}
{"level":"warn","message":"Warning message","timestamp":"2:25:14 PM"}
{"level":"info","message":"Info message","timestamp":"2:25:21 PM"}
{"level":"warn","message":"Warning message","timestamp":"2:25:21 PM"}
{"level":"info","message":"Info message","timestamp":"2:26:47 PM"}
{"level":"warn","message":"Warning message","timestamp":"2:26:47 PM"}
{"level":"info","message":"Info message","timestamp":"2:27:03 PM"}
{"level":"warn","message":"Warning message","timestamp":"2:27:03 PM"}
{"level":"error","message":"Error: Can't set headers after they are sent.\n    at validateHeader (_http_outgoing.js:494:11)\n    at ServerResponse.setHeader (_http_outgoing.js:501:3)\n    at ServerResponse.header (/Users/alexandrapop/Documents/licenta/api/node_modules/express/lib/response.js:767:10)\n    at ServerResponse.send (/Users/alexandrapop/Documents/licenta/api/node_modules/express/lib/response.js:170:12)\n    at ServerResponse.json (/Users/alexandrapop/Documents/licenta/api/node_modules/express/lib/response.js:267:15)\n    at ServerResponse.unauthorized (/Users/alexandrapop/Documents/licenta/api/app/middlewares/customResponses.js:10:35)\n    at module.exports (/Users/alexandrapop/Documents/licenta/api/app/middlewares/assignToken.js:13:20)\n    at Layer.handle [as handle_request] (/Users/alexandrapop/Documents/licenta/api/node_modules/express/lib/router/layer.js:95:5)\n    at next (/Users/alexandrapop/Documents/licenta/api/node_modules/express/lib/router/route.js:137:13)\n    at passport.authenticate (/Users/alexandrapop/Documents/licenta/api/app/config/routes.js:30:20)\n    at FacebookTokenStrategy.strategy.error (/Users/alexandrapop/Documents/licenta/api/node_modules/passport/lib/middleware/authenticate.js:353:18)\n    at /Users/alexandrapop/Documents/licenta/api/node_modules/passport-facebook-token/lib/index.js:96:34\n    at /Users/alexandrapop/Documents/licenta/api/node_modules/passport-facebook-token/lib/index.js:155:27\n    at passBackControl (/Users/alexandrapop/Documents/licenta/api/node_modules/oauth/lib/oauth2.js:132:9)\n    at IncomingMessage.<anonymous> (/Users/alexandrapop/Documents/licenta/api/node_modules/oauth/lib/oauth2.js:157:7)\n    at emitNone (events.js:111:20)","timestamp":"2:27:06 PM"}
{"level":"info","message":"Info message","timestamp":"2:27:18 PM"}
{"level":"warn","message":"Warning message","timestamp":"2:27:18 PM"}
{"level":"info","message":"Info message","timestamp":"2:27:19 PM"}
{"level":"warn","message":"Warning message","timestamp":"2:27:19 PM"}
{"level":"error","message":"Error: Can't set headers after they are sent.\n    at validateHeader (_http_outgoing.js:494:11)\n    at ServerResponse.setHeader (_http_outgoing.js:501:3)\n    at ServerResponse.header (/Users/alexandrapop/Documents/licenta/api/node_modules/express/lib/response.js:767:10)\n    at ServerResponse.send (/Users/alexandrapop/Documents/licenta/api/node_modules/express/lib/response.js:170:12)\n    at ServerResponse.json (/Users/alexandrapop/Documents/licenta/api/node_modules/express/lib/response.js:267:15)\n    at ServerResponse.unauthorized (/Users/alexandrapop/Documents/licenta/api/app/middlewares/customResponses.js:10:35)\n    at module.exports (/Users/alexandrapop/Documents/licenta/api/app/middlewares/assignToken.js:13:20)\n    at Layer.handle [as handle_request] (/Users/alexandrapop/Documents/licenta/api/node_modules/express/lib/router/layer.js:95:5)\n    at next (/Users/alexandrapop/Documents/licenta/api/node_modules/express/lib/router/route.js:137:13)\n    at passport.authenticate (/Users/alexandrapop/Documents/licenta/api/app/config/routes.js:30:20)\n    at FacebookTokenStrategy.strategy.error (/Users/alexandrapop/Documents/licenta/api/node_modules/passport/lib/middleware/authenticate.js:353:18)\n    at /Users/alexandrapop/Documents/licenta/api/node_modules/passport-facebook-token/lib/index.js:96:34\n    at /Users/alexandrapop/Documents/licenta/api/node_modules/passport-facebook-token/lib/index.js:155:27\n    at passBackControl (/Users/alexandrapop/Documents/licenta/api/node_modules/oauth/lib/oauth2.js:132:9)\n    at IncomingMessage.<anonymous> (/Users/alexandrapop/Documents/licenta/api/node_modules/oauth/lib/oauth2.js:157:7)\n    at emitNone (events.js:111:20)","timestamp":"2:27:23 PM"}
{"level":"info","message":"Info message","timestamp":"2:27:58 PM"}
{"level":"warn","message":"Warning message","timestamp":"2:27:58 PM"}
{"level":"info","message":"Info message","timestamp":"2:28:00 PM"}
{"level":"warn","message":"Warning message","timestamp":"2:28:00 PM"}
{"level":"info","message":"Info message","timestamp":"2:28:12 PM"}
{"level":"warn","message":"Warning message","timestamp":"2:28:12 PM"}
{"level":"info","message":"Info message","timestamp":"2:28:20 PM"}
{"level":"warn","message":"Warning message","timestamp":"2:28:20 PM"}
{"level":"info","message":"Info message","timestamp":"2:28:23 PM"}
{"level":"warn","message":"Warning message","timestamp":"2:28:23 PM"}
{"level":"info","message":"Info message","timestamp":"2:28:24 PM"}
{"level":"warn","message":"Warning message","timestamp":"2:28:24 PM"}
{"level":"info","message":"Info message","timestamp":"2:29:26 PM"}
{"level":"warn","message":"Warning message","timestamp":"2:29:26 PM"}
{"level":"info","message":"Info message","timestamp":"2:29:42 PM"}
{"level":"warn","message":"Warning message","timestamp":"2:29:42 PM"}
{"level":"error","message":"Error: Can't set headers after they are sent.\n    at validateHeader (_http_outgoing.js:494:11)\n    at ServerResponse.setHeader (_http_outgoing.js:501:3)\n    at ServerResponse.header (/Users/alexandrapop/Documents/licenta/api/node_modules/express/lib/response.js:767:10)\n    at ServerResponse.send (/Users/alexandrapop/Documents/licenta/api/node_modules/express/lib/response.js:170:12)\n    at ServerResponse.json (/Users/alexandrapop/Documents/licenta/api/node_modules/express/lib/response.js:267:15)\n    at ServerResponse.unauthorized (/Users/alexandrapop/Documents/licenta/api/app/middlewares/customResponses.js:10:35)\n    at module.exports (/Users/alexandrapop/Documents/licenta/api/app/middlewares/assignToken.js:9:20)\n    at Layer.handle [as handle_request] (/Users/alexandrapop/Documents/licenta/api/node_modules/express/lib/router/layer.js:95:5)\n    at next (/Users/alexandrapop/Documents/licenta/api/node_modules/express/lib/router/route.js:137:13)\n    at passport.authenticate (/Users/alexandrapop/Documents/licenta/api/app/config/routes.js:30:20)\n    at FacebookTokenStrategy.strategy.error (/Users/alexandrapop/Documents/licenta/api/node_modules/passport/lib/middleware/authenticate.js:353:18)\n    at /Users/alexandrapop/Documents/licenta/api/node_modules/passport-facebook-token/lib/index.js:96:34\n    at /Users/alexandrapop/Documents/licenta/api/node_modules/passport-facebook-token/lib/index.js:155:27\n    at passBackControl (/Users/alexandrapop/Documents/licenta/api/node_modules/oauth/lib/oauth2.js:132:9)\n    at IncomingMessage.<anonymous> (/Users/alexandrapop/Documents/licenta/api/node_modules/oauth/lib/oauth2.js:157:7)\n    at emitNone (events.js:111:20)","timestamp":"2:38:49 PM"}
{"level":"info","message":"Info message","timestamp":"2:41:44 PM"}
{"level":"warn","message":"Warning message","timestamp":"2:41:44 PM"}
{"level":"info","message":"Info message","timestamp":"2:41:49 PM"}
{"level":"warn","message":"Warning message","timestamp":"2:41:49 PM"}
{"level":"info","message":"Info message","timestamp":"3:29:50 PM"}
{"level":"warn","message":"Warning message","timestamp":"3:29:50 PM"}
{"level":"info","message":"Info message","timestamp":"3:45:03 PM"}
{"level":"warn","message":"Warning message","timestamp":"3:45:03 PM"}
{"level":"info","message":"Info message","timestamp":"3:45:18 PM"}
{"level":"warn","message":"Warning message","timestamp":"3:45:18 PM"}
{"level":"info","message":"Info message","timestamp":"3:45:39 PM"}
{"level":"warn","message":"Warning message","timestamp":"3:45:39 PM"}
{"level":"info","message":"Info message","timestamp":"3:45:40 PM"}
{"level":"warn","message":"Warning message","timestamp":"3:45:40 PM"}
{"level":"info","message":"Info message","timestamp":"3:47:15 PM"}
{"level":"warn","message":"Warning message","timestamp":"3:47:15 PM"}
{"level":"info","message":"Info message","timestamp":"3:48:24 PM"}
{"level":"warn","message":"Warning message","timestamp":"3:48:24 PM"}
{"level":"info","message":"Info message","timestamp":"3:48:31 PM"}
{"level":"warn","message":"Warning message","timestamp":"3:48:31 PM"}
{"level":"info","message":"Info message","timestamp":"3:49:15 PM"}
{"level":"warn","message":"Warning message","timestamp":"3:49:15 PM"}
{"level":"info","message":"Info message","timestamp":"3:49:19 PM"}
{"level":"warn","message":"Warning message","timestamp":"3:49:19 PM"}
{"level":"error","message":"Error: Can't set headers after they are sent.\n    at validateHeader (_http_outgoing.js:494:11)\n    at ServerResponse.setHeader (_http_outgoing.js:501:3)\n    at ServerResponse.header (/Users/alexandrapop/Documents/licenta/api/node_modules/express/lib/response.js:767:10)\n    at ServerResponse.send (/Users/alexandrapop/Documents/licenta/api/node_modules/express/lib/response.js:170:12)\n    at ServerResponse.json (/Users/alexandrapop/Documents/licenta/api/node_modules/express/lib/response.js:267:15)\n    at ServerResponse.unauthorized (/Users/alexandrapop/Documents/licenta/api/app/middlewares/customResponses.js:10:35)\n    at module.exports (/Users/alexandrapop/Documents/licenta/api/app/middlewares/assignToken.js:10:13)\n    at Layer.handle [as handle_request] (/Users/alexandrapop/Documents/licenta/api/node_modules/express/lib/router/layer.js:95:5)\n    at next (/Users/alexandrapop/Documents/licenta/api/node_modules/express/lib/router/route.js:137:13)\n    at passport.authenticate (/Users/alexandrapop/Documents/licenta/api/app/config/routes.js:30:20)\n    at FacebookTokenStrategy.strategy.error (/Users/alexandrapop/Documents/licenta/api/node_modules/passport/lib/middleware/authenticate.js:353:18)\n    at /Users/alexandrapop/Documents/licenta/api/node_modules/passport-facebook-token/lib/index.js:96:34\n    at /Users/alexandrapop/Documents/licenta/api/node_modules/passport-facebook-token/lib/index.js:155:27\n    at passBackControl (/Users/alexandrapop/Documents/licenta/api/node_modules/oauth/lib/oauth2.js:132:9)\n    at IncomingMessage.<anonymous> (/Users/alexandrapop/Documents/licenta/api/node_modules/oauth/lib/oauth2.js:157:7)\n    at emitNone (events.js:111:20)","timestamp":"3:51:45 PM"}
{"level":"info","message":"Info message","timestamp":"3:52:28 PM"}
{"level":"warn","message":"Warning message","timestamp":"3:52:28 PM"}
{"level":"info","message":"Info message","timestamp":"3:53:25 PM"}
{"level":"warn","message":"Warning message","timestamp":"3:53:25 PM"}
{"level":"info","message":"Info message","timestamp":"3:54:33 PM"}
{"level":"warn","message":"Warning message","timestamp":"3:54:33 PM"}
{"level":"info","message":"Info message","timestamp":"4:00:28 PM"}
{"level":"warn","message":"Warning message","timestamp":"4:00:28 PM"}
{"level":"info","message":"Info message","timestamp":"4:45:05 PM"}
{"level":"warn","message":"Warning message","timestamp":"4:45:05 PM"}
{"level":"info","message":"Info message","timestamp":"4:45:54 PM"}
{"level":"warn","message":"Warning message","timestamp":"4:45:54 PM"}
{"level":"error","message":"Error: Can't set headers after they are sent.\n    at validateHeader (_http_outgoing.js:494:11)\n    at ServerResponse.setHeader (_http_outgoing.js:501:3)\n    at ServerResponse.header (/Users/alexandrapop/Documents/licenta/api/node_modules/express/lib/response.js:767:10)\n    at ServerResponse.send (/Users/alexandrapop/Documents/licenta/api/node_modules/express/lib/response.js:170:12)\n    at ServerResponse.json (/Users/alexandrapop/Documents/licenta/api/node_modules/express/lib/response.js:267:15)\n    at ServerResponse.unauthorized (/Users/alexandrapop/Documents/licenta/api/app/middlewares/customResponses.js:10:35)\n    at module.exports (/Users/alexandrapop/Documents/licenta/api/app/middlewares/assignToken.js:9:13)\n    at Layer.handle [as handle_request] (/Users/alexandrapop/Documents/licenta/api/node_modules/express/lib/router/layer.js:95:5)\n    at next (/Users/alexandrapop/Documents/licenta/api/node_modules/express/lib/router/route.js:137:13)\n    at passport.authenticate (/Users/alexandrapop/Documents/licenta/api/app/config/routes.js:30:20)\n    at FacebookTokenStrategy.strategy.error (/Users/alexandrapop/Documents/licenta/api/node_modules/passport/lib/middleware/authenticate.js:353:18)\n    at /Users/alexandrapop/Documents/licenta/api/node_modules/passport-facebook-token/lib/index.js:96:34\n    at /Users/alexandrapop/Documents/licenta/api/node_modules/passport-facebook-token/lib/index.js:155:27\n    at passBackControl (/Users/alexandrapop/Documents/licenta/api/node_modules/oauth/lib/oauth2.js:132:9)\n    at IncomingMessage.<anonymous> (/Users/alexandrapop/Documents/licenta/api/node_modules/oauth/lib/oauth2.js:157:7)\n    at emitNone (events.js:111:20)","timestamp":"4:45:59 PM"}
{"level":"info","message":"Info message","timestamp":"4:46:12 PM"}
{"level":"warn","message":"Warning message","timestamp":"4:46:12 PM"}
{"level":"info","message":"Info message","timestamp":"4:46:26 PM"}
{"level":"warn","message":"Warning message","timestamp":"4:46:26 PM"}
{"level":"info","message":"Info message","timestamp":"4:46:44 PM"}
{"level":"warn","message":"Warning message","timestamp":"4:46:44 PM"}
{"level":"info","message":"Info message","timestamp":"4:46:45 PM"}
{"level":"warn","message":"Warning message","timestamp":"4:46:45 PM"}
{"level":"info","message":"Info message","timestamp":"4:47:48 PM"}
{"level":"warn","message":"Warning message","timestamp":"4:47:48 PM"}
{"level":"info","message":"Info message","timestamp":"4:48:27 PM"}
{"level":"warn","message":"Warning message","timestamp":"4:48:27 PM"}
{"level":"info","message":"Info message","timestamp":"4:48:55 PM"}
{"level":"warn","message":"Warning message","timestamp":"4:48:55 PM"}
{"level":"info","message":"Info message","timestamp":"4:49:15 PM"}
{"level":"warn","message":"Warning message","timestamp":"4:49:15 PM"}
{"level":"info","message":"Info message","timestamp":"4:49:34 PM"}
{"level":"warn","message":"Warning message","timestamp":"4:49:34 PM"}
{"level":"info","message":"Info message","timestamp":"4:49:41 PM"}
{"level":"warn","message":"Warning message","timestamp":"4:49:41 PM"}
{"level":"info","message":"Info message","timestamp":"4:49:53 PM"}
{"level":"warn","message":"Warning message","timestamp":"4:49:53 PM"}
{"level":"info","message":"Info message","timestamp":"4:49:55 PM"}
{"level":"warn","message":"Warning message","timestamp":"4:49:55 PM"}
{"level":"error","message":"Error: Unknown authentication strategy \"google-token\"\n    at attempt (/Users/alexandrapop/Documents/licenta/api/node_modules/passport/lib/middleware/authenticate.js:186:37)\n    at authenticate (/Users/alexandrapop/Documents/licenta/api/node_modules/passport/lib/middleware/authenticate.js:362:7)\n    at router.post (/Users/alexandrapop/Documents/licenta/api/app/config/routes.js:55:12)\n    at Layer.handle [as handle_request] (/Users/alexandrapop/Documents/licenta/api/node_modules/express/lib/router/layer.js:95:5)\n    at next (/Users/alexandrapop/Documents/licenta/api/node_modules/express/lib/router/route.js:137:13)\n    at Route.dispatch (/Users/alexandrapop/Documents/licenta/api/node_modules/express/lib/router/route.js:112:3)\n    at Layer.handle [as handle_request] (/Users/alexandrapop/Documents/licenta/api/node_modules/express/lib/router/layer.js:95:5)\n    at /Users/alexandrapop/Documents/licenta/api/node_modules/express/lib/router/index.js:281:22\n    at Function.process_params (/Users/alexandrapop/Documents/licenta/api/node_modules/express/lib/router/index.js:335:12)\n    at next (/Users/alexandrapop/Documents/licenta/api/node_modules/express/lib/router/index.js:275:10)\n    at Function.handle (/Users/alexandrapop/Documents/licenta/api/node_modules/express/lib/router/index.js:174:3)\n    at router (/Users/alexandrapop/Documents/licenta/api/node_modules/express/lib/router/index.js:47:12)\n    at Layer.handle [as handle_request] (/Users/alexandrapop/Documents/licenta/api/node_modules/express/lib/router/layer.js:95:5)\n    at trim_prefix (/Users/alexandrapop/Documents/licenta/api/node_modules/express/lib/router/index.js:317:13)\n    at /Users/alexandrapop/Documents/licenta/api/node_modules/express/lib/router/index.js:284:7\n    at Function.process_params (/Users/alexandrapop/Documents/licenta/api/node_modules/express/lib/router/index.js:335:12)","timestamp":"4:50:50 PM"}
{"level":"info","message":"Info message","timestamp":"4:56:00 PM"}
{"level":"warn","message":"Warning message","timestamp":"4:56:00 PM"}
{"level":"info","message":"Info message","timestamp":"4:56:03 PM"}
{"level":"warn","message":"Warning message","timestamp":"4:56:03 PM"}
{"level":"error","message":"TypeError: user.toObject is not a function\n    at module.exports (/Users/alexandrapop/Documents/licenta/api/app/middlewares/assignToken.js:12:32)\n    at Layer.handle [as handle_request] (/Users/alexandrapop/Documents/licenta/api/node_modules/express/lib/router/layer.js:95:5)\n    at next (/Users/alexandrapop/Documents/licenta/api/node_modules/express/lib/router/route.js:137:13)\n    at passport.authenticate (/Users/alexandrapop/Documents/licenta/api/app/config/routes.js:56:20)\n    at GoogleTokenStrategy.strategy.success (/Users/alexandrapop/Documents/licenta/api/node_modules/passport/lib/middleware/authenticate.js:214:18)\n    at verified (/Users/alexandrapop/Documents/licenta/api/node_modules/passport-google-token/lib/passport-google-token/strategy.js:87:12)\n    at User.findOne (/Users/alexandrapop/Documents/licenta/api/app/config/passport/googleStrategy.js:15:28)\n    at model.Query.<anonymous> (/Users/alexandrapop/Documents/licenta/api/node_modules/mongoose/lib/model.js:4074:16)\n    at /Users/alexandrapop/Documents/licenta/api/node_modules/kareem/index.js:273:21\n    at /Users/alexandrapop/Documents/licenta/api/node_modules/kareem/index.js:131:16\n    at _combinedTickCallback (internal/process/next_tick.js:131:7)\n    at process._tickCallback (internal/process/next_tick.js:180:9)","timestamp":"4:56:08 PM"}
{"level":"info","message":"Info message","timestamp":"4:57:46 PM"}
{"level":"warn","message":"Warning message","timestamp":"4:57:46 PM"}
{"level":"info","message":"Info message","timestamp":"4:58:35 PM"}
{"level":"warn","message":"Warning message","timestamp":"4:58:35 PM"}
{"level":"info","message":"Info message","timestamp":"4:58:38 PM"}
{"level":"warn","message":"Warning message","timestamp":"4:58:38 PM"}
{"level":"info","message":"Info message","timestamp":"4:58:43 PM"}
{"level":"warn","message":"Warning message","timestamp":"4:58:43 PM"}
{"level":"info","message":"Info message","timestamp":"5:00:06 PM"}
{"level":"warn","message":"Warning message","timestamp":"5:00:06 PM"}
{"level":"info","message":"Info message","timestamp":"5:00:28 PM"}
{"level":"warn","message":"Warning message","timestamp":"5:00:28 PM"}
{"level":"info","message":"Info message","timestamp":"5:01:03 PM"}
{"level":"warn","message":"Warning message","timestamp":"5:01:03 PM"}
{"level":"info","message":"Info message","timestamp":"5:01:17 PM"}
{"level":"warn","message":"Warning message","timestamp":"5:01:17 PM"}
{"level":"info","message":"Info message","timestamp":"5:01:22 PM"}
{"level":"warn","message":"Warning message","timestamp":"5:01:22 PM"}
{"level":"info","message":"Info message","timestamp":"5:01:23 PM"}
{"level":"warn","message":"Warning message","timestamp":"5:01:23 PM"}
{"level":"error","message":"Error: Can't set headers after they are sent.\n    at validateHeader (_http_outgoing.js:494:11)\n    at ServerResponse.setHeader (_http_outgoing.js:501:3)\n    at ServerResponse.header (/Users/alexandrapop/Documents/licenta/api/node_modules/express/lib/response.js:767:10)\n    at ServerResponse.send (/Users/alexandrapop/Documents/licenta/api/node_modules/express/lib/response.js:170:12)\n    at ServerResponse.json (/Users/alexandrapop/Documents/licenta/api/node_modules/express/lib/response.js:267:15)\n    at ServerResponse.success (/Users/alexandrapop/Documents/licenta/api/app/middlewares/customResponses.js:3:35)\n    at socialLogin (/Users/alexandrapop/Documents/licenta/api/app/controllers/usersController.js:30:9)\n    at Layer.handle [as handle_request] (/Users/alexandrapop/Documents/licenta/api/node_modules/express/lib/router/layer.js:95:5)\n    at next (/Users/alexandrapop/Documents/licenta/api/node_modules/express/lib/router/route.js:137:13)\n    at passport.authenticate (/Users/alexandrapop/Documents/licenta/api/app/config/routes.js:56:20)\n    at GoogleTokenStrategy.strategy.success (/Users/alexandrapop/Documents/licenta/api/node_modules/passport/lib/middleware/authenticate.js:214:18)\n    at verified (/Users/alexandrapop/Documents/licenta/api/node_modules/passport-google-token/lib/passport-google-token/strategy.js:87:12)\n    at user.save (/Users/alexandrapop/Documents/licenta/api/app/config/passport/googleStrategy.js:23:32)\n    at /Users/alexandrapop/Documents/licenta/api/node_modules/mongoose/lib/model.js:4074:16\n    at /Users/alexandrapop/Documents/licenta/api/node_modules/mongoose/lib/services/model/applyHooks.js:170:20\n    at _combinedTickCallback (internal/process/next_tick.js:131:7)","timestamp":"5:01:50 PM"}
{"level":"info","message":"Info message","timestamp":"5:02:12 PM"}
{"level":"warn","message":"Warning message","timestamp":"5:02:12 PM"}
{"level":"info","message":"Info message","timestamp":"5:02:14 PM"}
{"level":"warn","message":"Warning message","timestamp":"5:02:14 PM"}
{"level":"info","message":"Info message","timestamp":"5:02:17 PM"}
{"level":"warn","message":"Warning message","timestamp":"5:02:17 PM"}
{"level":"info","message":"Info message","timestamp":"5:02:18 PM"}
{"level":"warn","message":"Warning message","timestamp":"5:02:18 PM"}
{"level":"info","message":"Info message","timestamp":"5:02:47 PM"}
{"level":"warn","message":"Warning message","timestamp":"5:02:47 PM"}
{"level":"error","message":"Error: Can't set headers after they are sent.\n    at validateHeader (_http_outgoing.js:494:11)\n    at ServerResponse.setHeader (_http_outgoing.js:501:3)\n    at ServerResponse.header (/Users/alexandrapop/Documents/licenta/api/node_modules/express/lib/response.js:767:10)\n    at ServerResponse.send (/Users/alexandrapop/Documents/licenta/api/node_modules/express/lib/response.js:170:12)\n    at ServerResponse.json (/Users/alexandrapop/Documents/licenta/api/node_modules/express/lib/response.js:267:15)\n    at ServerResponse.success (/Users/alexandrapop/Documents/licenta/api/app/middlewares/customResponses.js:3:35)\n    at socialLogin (/Users/alexandrapop/Documents/licenta/api/app/controllers/usersController.js:30:9)\n    at Layer.handle [as handle_request] (/Users/alexandrapop/Documents/licenta/api/node_modules/express/lib/router/layer.js:95:5)\n    at next (/Users/alexandrapop/Documents/licenta/api/node_modules/express/lib/router/route.js:137:13)\n    at passport.authenticate (/Users/alexandrapop/Documents/licenta/api/app/config/routes.js:56:20)\n    at GoogleTokenStrategy.strategy.success (/Users/alexandrapop/Documents/licenta/api/node_modules/passport/lib/middleware/authenticate.js:214:18)\n    at verified (/Users/alexandrapop/Documents/licenta/api/node_modules/passport-google-token/lib/passport-google-token/strategy.js:87:12)\n    at user.save (/Users/alexandrapop/Documents/licenta/api/app/config/passport/googleStrategy.js:23:32)\n    at /Users/alexandrapop/Documents/licenta/api/node_modules/mongoose/lib/model.js:4074:16\n    at /Users/alexandrapop/Documents/licenta/api/node_modules/mongoose/lib/services/model/applyHooks.js:170:20\n    at _combinedTickCallback (internal/process/next_tick.js:131:7)","timestamp":"5:03:30 PM"}
{"level":"info","message":"Info message","timestamp":"5:04:00 PM"}
{"level":"warn","message":"Warning message","timestamp":"5:04:00 PM"}
{"level":"info","message":"Info message","timestamp":"5:04:01 PM"}
{"level":"warn","message":"Warning message","timestamp":"5:04:01 PM"}
{"level":"info","message":"Info message","timestamp":"5:04:26 PM"}
{"level":"warn","message":"Warning message","timestamp":"5:04:26 PM"}
{"level":"info","message":"Info message","timestamp":"5:04:31 PM"}
{"level":"warn","message":"Warning message","timestamp":"5:04:31 PM"}
{"level":"error","message":"Error: Can't set headers after they are sent.\n    at validateHeader (_http_outgoing.js:494:11)\n    at ServerResponse.setHeader (_http_outgoing.js:501:3)\n    at ServerResponse.header (/Users/alexandrapop/Documents/licenta/api/node_modules/express/lib/response.js:767:10)\n    at ServerResponse.send (/Users/alexandrapop/Documents/licenta/api/node_modules/express/lib/response.js:170:12)\n    at ServerResponse.json (/Users/alexandrapop/Documents/licenta/api/node_modules/express/lib/response.js:267:15)\n    at ServerResponse.success (/Users/alexandrapop/Documents/licenta/api/app/middlewares/customResponses.js:3:35)\n    at socialLogin (/Users/alexandrapop/Documents/licenta/api/app/controllers/usersController.js:30:9)\n    at Layer.handle [as handle_request] (/Users/alexandrapop/Documents/licenta/api/node_modules/express/lib/router/layer.js:95:5)\n    at next (/Users/alexandrapop/Documents/licenta/api/node_modules/express/lib/router/route.js:137:13)\n    at passport.authenticate (/Users/alexandrapop/Documents/licenta/api/app/config/routes.js:56:20)\n    at GoogleTokenStrategy.strategy.success (/Users/alexandrapop/Documents/licenta/api/node_modules/passport/lib/middleware/authenticate.js:214:18)\n    at verified (/Users/alexandrapop/Documents/licenta/api/node_modules/passport-google-token/lib/passport-google-token/strategy.js:87:12)\n    at user.save (/Users/alexandrapop/Documents/licenta/api/app/config/passport/googleStrategy.js:23:32)\n    at /Users/alexandrapop/Documents/licenta/api/node_modules/mongoose/lib/model.js:4074:16\n    at /Users/alexandrapop/Documents/licenta/api/node_modules/mongoose/lib/services/model/applyHooks.js:170:20\n    at _combinedTickCallback (internal/process/next_tick.js:131:7)","timestamp":"5:04:48 PM"}
{"level":"info","message":"Info message","timestamp":"5:06:06 PM"}
{"level":"warn","message":"Warning message","timestamp":"5:06:06 PM"}
{"level":"info","message":"Info message","timestamp":"5:06:07 PM"}
{"level":"warn","message":"Warning message","timestamp":"5:06:07 PM"}
{"level":"info","message":"Info message","timestamp":"5:06:12 PM"}
{"level":"warn","message":"Warning message","timestamp":"5:06:12 PM"}
{"level":"info","message":"Info message","timestamp":"5:07:48 PM"}
{"level":"warn","message":"Warning message","timestamp":"5:07:48 PM"}
{"level":"info","message":"Info message","timestamp":"5:08:04 PM"}
{"level":"warn","message":"Warning message","timestamp":"5:08:04 PM"}
{"level":"info","message":"Info message","timestamp":"5:08:12 PM"}
{"level":"warn","message":"Warning message","timestamp":"5:08:12 PM"}
{"level":"info","message":"Info message","timestamp":"5:08:24 PM"}
{"level":"warn","message":"Warning message","timestamp":"5:08:24 PM"}
{"level":"info","message":"Info message","timestamp":"5:08:26 PM"}
{"level":"warn","message":"Warning message","timestamp":"5:08:26 PM"}
{"level":"info","message":"Info message","timestamp":"5:08:43 PM"}
{"level":"warn","message":"Warning message","timestamp":"5:08:43 PM"}
{"level":"info","message":"Info message","timestamp":"5:08:56 PM"}
{"level":"warn","message":"Warning message","timestamp":"5:08:56 PM"}
{"level":"info","message":"Info message","timestamp":"5:08:58 PM"}
{"level":"warn","message":"Warning message","timestamp":"5:08:58 PM"}
{"level":"info","message":"Info message","timestamp":"5:09:18 PM"}
{"level":"warn","message":"Warning message","timestamp":"5:09:18 PM"}
{"level":"info","message":"Info message","timestamp":"5:09:19 PM"}
{"level":"warn","message":"Warning message","timestamp":"5:09:19 PM"}
{"level":"info","message":"Info message","timestamp":"5:09:21 PM"}
{"level":"warn","message":"Warning message","timestamp":"5:09:21 PM"}
{"level":"info","message":"Info message","timestamp":"5:09:22 PM"}
{"level":"warn","message":"Warning message","timestamp":"5:09:22 PM"}
{"level":"info","message":"Info message","timestamp":"5:09:56 PM"}
{"level":"warn","message":"Warning message","timestamp":"5:09:56 PM"}
{"level":"error","message":"Error: Can't set headers after they are sent.\n    at validateHeader (_http_outgoing.js:494:11)\n    at ServerResponse.setHeader (_http_outgoing.js:501:3)\n    at ServerResponse.header (/Users/alexandrapop/Documents/licenta/api/node_modules/express/lib/response.js:767:10)\n    at ServerResponse.send (/Users/alexandrapop/Documents/licenta/api/node_modules/express/lib/response.js:170:12)\n    at ServerResponse.json (/Users/alexandrapop/Documents/licenta/api/node_modules/express/lib/response.js:267:15)\n    at ServerResponse.success (/Users/alexandrapop/Documents/licenta/api/app/middlewares/customResponses.js:3:35)\n    at socialLogin (/Users/alexandrapop/Documents/licenta/api/app/controllers/usersController.js:30:9)\n    at Layer.handle [as handle_request] (/Users/alexandrapop/Documents/licenta/api/node_modules/express/lib/router/layer.js:95:5)\n    at next (/Users/alexandrapop/Documents/licenta/api/node_modules/express/lib/router/route.js:137:13)\n    at passport.authenticate (/Users/alexandrapop/Documents/licenta/api/app/config/routes.js:57:20)\n    at GoogleTokenStrategy.strategy.success (/Users/alexandrapop/Documents/licenta/api/node_modules/passport/lib/middleware/authenticate.js:214:18)\n    at verified (/Users/alexandrapop/Documents/licenta/api/node_modules/passport-google-token/lib/passport-google-token/strategy.js:87:12)\n    at user.save (/Users/alexandrapop/Documents/licenta/api/app/config/passport/googleStrategy.js:23:32)\n    at /Users/alexandrapop/Documents/licenta/api/node_modules/mongoose/lib/model.js:4074:16\n    at /Users/alexandrapop/Documents/licenta/api/node_modules/mongoose/lib/services/model/applyHooks.js:170:20\n    at _combinedTickCallback (internal/process/next_tick.js:131:7)","timestamp":"5:10:04 PM"}
{"level":"info","message":"Info message","timestamp":"5:12:34 PM"}
{"level":"warn","message":"Warning message","timestamp":"5:12:34 PM"}
{"level":"info","message":"Info message","timestamp":"5:12:36 PM"}
{"level":"warn","message":"Warning message","timestamp":"5:12:36 PM"}
{"level":"info","message":"Info message","timestamp":"5:12:37 PM"}
{"level":"warn","message":"Warning message","timestamp":"5:12:37 PM"}
{"level":"info","message":"Info message","timestamp":"5:13:26 PM"}
{"level":"warn","message":"Warning message","timestamp":"5:13:26 PM"}
{"level":"info","message":"Info message","timestamp":"5:13:30 PM"}
{"level":"warn","message":"Warning message","timestamp":"5:13:30 PM"}
{"level":"info","message":"Info message","timestamp":"5:13:35 PM"}
{"level":"warn","message":"Warning message","timestamp":"5:13:35 PM"}
{"level":"info","message":"Info message","timestamp":"5:13:39 PM"}
{"level":"warn","message":"Warning message","timestamp":"5:13:39 PM"}
{"level":"info","message":"Info message","timestamp":"5:13:41 PM"}
{"level":"warn","message":"Warning message","timestamp":"5:13:41 PM"}
{"level":"info","message":"Info message","timestamp":"5:13:51 PM"}
{"level":"warn","message":"Warning message","timestamp":"5:13:51 PM"}
{"level":"info","message":"Info message","timestamp":"5:13:57 PM"}
{"level":"warn","message":"Warning message","timestamp":"5:13:57 PM"}
{"level":"info","message":"Info message","timestamp":"5:14:49 PM"}
{"level":"warn","message":"Warning message","timestamp":"5:14:49 PM"}
{"level":"info","message":"Info message","timestamp":"5:15:01 PM"}
{"level":"warn","message":"Warning message","timestamp":"5:15:01 PM"}
{"level":"info","message":"Info message","timestamp":"5:15:09 PM"}
{"level":"warn","message":"Warning message","timestamp":"5:15:09 PM"}
{"level":"info","message":"Info message","timestamp":"5:15:28 PM"}
{"level":"warn","message":"Warning message","timestamp":"5:15:28 PM"}
{"level":"info","message":"Info message","timestamp":"5:15:39 PM"}
{"level":"warn","message":"Warning message","timestamp":"5:15:39 PM"}
{"level":"info","message":"Info message","timestamp":"5:15:48 PM"}
{"level":"warn","message":"Warning message","timestamp":"5:15:48 PM"}
{"level":"info","message":"Info message","timestamp":"5:17:19 PM"}
{"level":"warn","message":"Warning message","timestamp":"5:17:19 PM"}
{"level":"info","message":"Info message","timestamp":"5:17:20 PM"}
{"level":"warn","message":"Warning message","timestamp":"5:17:20 PM"}
{"level":"info","message":"Info message","timestamp":"5:17:27 PM"}
{"level":"warn","message":"Warning message","timestamp":"5:17:27 PM"}
{"level":"info","message":"Info message","timestamp":"5:17:53 PM"}
{"level":"warn","message":"Warning message","timestamp":"5:17:53 PM"}
{"level":"info","message":"Info message","timestamp":"5:18:02 PM"}
{"level":"warn","message":"Warning message","timestamp":"5:18:02 PM"}
{"level":"info","message":"Info message","timestamp":"5:18:04 PM"}
{"level":"warn","message":"Warning message","timestamp":"5:18:04 PM"}
{"level":"info","message":"Info message","timestamp":"5:19:46 PM"}
{"level":"warn","message":"Warning message","timestamp":"5:19:46 PM"}
{"level":"info","message":"Info message","timestamp":"5:20:19 PM"}
{"level":"warn","message":"Warning message","timestamp":"5:20:19 PM"}
{"level":"info","message":"Info message","timestamp":"5:20:54 PM"}
{"level":"warn","message":"Warning message","timestamp":"5:20:54 PM"}
{"level":"info","message":"Info message","timestamp":"5:21:07 PM"}
{"level":"warn","message":"Warning message","timestamp":"5:21:07 PM"}
{"level":"info","message":"Info message","timestamp":"5:21:08 PM"}
{"level":"warn","message":"Warning message","timestamp":"5:21:08 PM"}
{"level":"info","message":"Info message","timestamp":"5:21:12 PM"}
{"level":"warn","message":"Warning message","timestamp":"5:21:12 PM"}
{"level":"info","message":"Info message","timestamp":"5:44:26 PM"}
{"level":"warn","message":"Warning message","timestamp":"5:44:26 PM"}
{"level":"info","message":"Info message","timestamp":"5:46:57 PM"}
{"level":"warn","message":"Warning message","timestamp":"5:46:57 PM"}
{"level":"info","message":"Info message","timestamp":"5:47:22 PM"}
{"level":"warn","message":"Warning message","timestamp":"5:47:22 PM"}
{"level":"info","message":"Info message","timestamp":"5:47:29 PM"}
{"level":"warn","message":"Warning message","timestamp":"5:47:29 PM"}
{"level":"info","message":"Info message","timestamp":"5:47:33 PM"}
{"level":"warn","message":"Warning message","timestamp":"5:47:33 PM"}
{"level":"info","message":"Info message","timestamp":"5:48:16 PM"}
{"level":"warn","message":"Warning message","timestamp":"5:48:16 PM"}
{"level":"info","message":"Info message","timestamp":"5:48:34 PM"}
{"level":"warn","message":"Warning message","timestamp":"5:48:34 PM"}
{"level":"info","message":"Info message","timestamp":"5:48:35 PM"}
{"level":"warn","message":"Warning message","timestamp":"5:48:35 PM"}
{"level":"info","message":"Info message","timestamp":"5:48:37 PM"}
{"level":"warn","message":"Warning message","timestamp":"5:48:37 PM"}
{"level":"info","message":"Info message","timestamp":"5:50:03 PM"}
{"level":"warn","message":"Warning message","timestamp":"5:50:03 PM"}
{"level":"info","message":"Info message","timestamp":"5:51:10 PM"}
{"level":"warn","message":"Warning message","timestamp":"5:51:10 PM"}
{"level":"info","message":"Info message","timestamp":"5:53:23 PM"}
{"level":"warn","message":"Warning message","timestamp":"5:53:23 PM"}
{"level":"info","message":"Info message","timestamp":"9:30:31 AM"}
{"level":"warn","message":"Warning message","timestamp":"9:30:31 AM"}
{"level":"info","message":"Info message","timestamp":"9:35:39 AM"}
{"level":"warn","message":"Warning message","timestamp":"9:35:39 AM"}
{"level":"info","message":"Info message","timestamp":"9:37:46 AM"}
{"level":"warn","message":"Warning message","timestamp":"9:37:46 AM"}
{"level":"info","message":"Info message","timestamp":"9:37:49 AM"}
{"level":"warn","message":"Warning message","timestamp":"9:37:49 AM"}
{"level":"info","message":"Info message","timestamp":"9:48:50 AM"}
{"level":"warn","message":"Warning message","timestamp":"9:48:50 AM"}
{"level":"info","message":"Info message","timestamp":"9:52:01 AM"}
{"level":"warn","message":"Warning message","timestamp":"9:52:01 AM"}
{"level":"info","message":"Info message","timestamp":"9:54:11 AM"}
{"level":"warn","message":"Warning message","timestamp":"9:54:11 AM"}
{"level":"info","message":"Info message","timestamp":"9:54:37 AM"}
{"level":"warn","message":"Warning message","timestamp":"9:54:37 AM"}
{"level":"info","message":"Info message","timestamp":"9:55:27 AM"}
{"level":"warn","message":"Warning message","timestamp":"9:55:27 AM"}
{"level":"info","message":"Info message","timestamp":"9:55:36 AM"}
{"level":"warn","message":"Warning message","timestamp":"9:55:36 AM"}
{"level":"info","message":"Info message","timestamp":"9:55:47 AM"}
{"level":"warn","message":"Warning message","timestamp":"9:55:47 AM"}
{"level":"info","message":"Info message","timestamp":"9:57:12 AM"}
{"level":"warn","message":"Warning message","timestamp":"9:57:12 AM"}
{"level":"info","message":"Info message","timestamp":"9:57:16 AM"}
{"level":"warn","message":"Warning message","timestamp":"9:57:16 AM"}
{"level":"info","message":"Info message","timestamp":"9:58:59 AM"}
{"level":"warn","message":"Warning message","timestamp":"9:58:59 AM"}
{"level":"info","message":"Info message","timestamp":"9:59:02 AM"}
{"level":"warn","message":"Warning message","timestamp":"9:59:02 AM"}
{"level":"info","message":"Info message","timestamp":"9:59:03 AM"}
{"level":"warn","message":"Warning message","timestamp":"9:59:03 AM"}
{"level":"info","message":"Info message","timestamp":"9:59:33 AM"}
{"level":"warn","message":"Warning message","timestamp":"9:59:33 AM"}
{"level":"info","message":"Info message","timestamp":"9:59:34 AM"}
{"level":"warn","message":"Warning message","timestamp":"9:59:34 AM"}
{"level":"info","message":"Info message","timestamp":"10:00:14 AM"}
{"level":"warn","message":"Warning message","timestamp":"10:00:14 AM"}
{"level":"info","message":"Info message","timestamp":"10:00:57 AM"}
{"level":"warn","message":"Warning message","timestamp":"10:00:57 AM"}
{"level":"info","message":"Info message","timestamp":"10:00:58 AM"}
{"level":"warn","message":"Warning message","timestamp":"10:00:58 AM"}
{"level":"info","message":"Info message","timestamp":"10:01:05 AM"}
{"level":"warn","message":"Warning message","timestamp":"10:01:05 AM"}
{"level":"info","message":"Info message","timestamp":"10:02:27 AM"}
{"level":"warn","message":"Warning message","timestamp":"10:02:27 AM"}
{"level":"info","message":"Info message","timestamp":"10:02:30 AM"}
{"level":"warn","message":"Warning message","timestamp":"10:02:30 AM"}
{"level":"info","message":"Info message","timestamp":"10:02:48 AM"}
{"level":"warn","message":"Warning message","timestamp":"10:02:48 AM"}
{"level":"info","message":"Info message","timestamp":"10:27:13 AM"}
{"level":"warn","message":"Warning message","timestamp":"10:27:13 AM"}
{"level":"info","message":"Info message","timestamp":"10:27:17 AM"}
{"level":"warn","message":"Warning message","timestamp":"10:27:17 AM"}
{"level":"info","message":"Info message","timestamp":"10:27:28 AM"}
{"level":"warn","message":"Warning message","timestamp":"10:27:28 AM"}
{"level":"info","message":"Info message","timestamp":"10:27:47 AM"}
{"level":"warn","message":"Warning message","timestamp":"10:27:47 AM"}
{"level":"info","message":"Info message","timestamp":"10:27:58 AM"}
{"level":"warn","message":"Warning message","timestamp":"10:27:58 AM"}
{"level":"info","message":"Info message","timestamp":"10:28:00 AM"}
{"level":"warn","message":"Warning message","timestamp":"10:28:00 AM"}
{"level":"info","message":"Info message","timestamp":"10:28:08 AM"}
{"level":"warn","message":"Warning message","timestamp":"10:28:08 AM"}
{"level":"info","message":"Info message","timestamp":"10:40:54 AM"}
{"level":"warn","message":"Warning message","timestamp":"10:40:54 AM"}
{"level":"info","message":"Info message","timestamp":"10:42:04 AM"}
{"level":"warn","message":"Warning message","timestamp":"10:42:04 AM"}
{"level":"info","message":"Info message","timestamp":"10:42:06 AM"}
{"level":"warn","message":"Warning message","timestamp":"10:42:06 AM"}
{"level":"info","message":"Info message","timestamp":"10:42:16 AM"}
{"level":"warn","message":"Warning message","timestamp":"10:42:16 AM"}
{"level":"info","message":"Info message","timestamp":"10:42:53 AM"}
{"level":"warn","message":"Warning message","timestamp":"10:42:53 AM"}
{"level":"info","message":"Info message","timestamp":"10:43:51 AM"}
{"level":"warn","message":"Warning message","timestamp":"10:43:51 AM"}
{"level":"info","message":"Info message","timestamp":"10:43:55 AM"}
{"level":"warn","message":"Warning message","timestamp":"10:43:55 AM"}
{"level":"info","message":"Info message","timestamp":"10:47:08 AM"}
{"level":"warn","message":"Warning message","timestamp":"10:47:08 AM"}
{"level":"info","message":"Info message","timestamp":"10:47:09 AM"}
{"level":"warn","message":"Warning message","timestamp":"10:47:09 AM"}
{"level":"info","message":"Info message","timestamp":"10:47:47 AM"}
{"level":"warn","message":"Warning message","timestamp":"10:47:47 AM"}
{"level":"info","message":"Info message","timestamp":"10:47:49 AM"}
{"level":"warn","message":"Warning message","timestamp":"10:47:49 AM"}
{"level":"info","message":"Info message","timestamp":"10:48:41 AM"}
{"level":"warn","message":"Warning message","timestamp":"10:48:41 AM"}
{"level":"info","message":"Info message","timestamp":"10:48:42 AM"}
{"level":"warn","message":"Warning message","timestamp":"10:48:42 AM"}
{"level":"info","message":"Info message","timestamp":"10:48:43 AM"}
{"level":"warn","message":"Warning message","timestamp":"10:48:43 AM"}
{"level":"info","message":"Info message","timestamp":"10:48:44 AM"}
{"level":"warn","message":"Warning message","timestamp":"10:48:44 AM"}
{"level":"info","message":"Info message","timestamp":"10:49:13 AM"}
{"level":"warn","message":"Warning message","timestamp":"10:49:13 AM"}
{"level":"info","message":"Info message","timestamp":"10:50:57 AM"}
{"level":"warn","message":"Warning message","timestamp":"10:50:57 AM"}
{"level":"info","message":"Info message","timestamp":"10:51:06 AM"}
{"level":"warn","message":"Warning message","timestamp":"10:51:06 AM"}
{"level":"info","message":"Info message","timestamp":"10:51:18 AM"}
{"level":"warn","message":"Warning message","timestamp":"10:51:18 AM"}
{"level":"info","message":"Info message","timestamp":"10:54:21 AM"}
{"level":"warn","message":"Warning message","timestamp":"10:54:21 AM"}
{"level":"info","message":"Info message","timestamp":"10:54:33 AM"}
{"level":"warn","message":"Warning message","timestamp":"10:54:33 AM"}
{"level":"info","message":"Info message","timestamp":"10:54:34 AM"}
{"level":"warn","message":"Warning message","timestamp":"10:54:34 AM"}
{"level":"info","message":"Info message","timestamp":"10:55:17 AM"}
{"level":"warn","message":"Warning message","timestamp":"10:55:17 AM"}
{"level":"info","message":"Info message","timestamp":"10:55:55 AM"}
{"level":"warn","message":"Warning message","timestamp":"10:55:55 AM"}
{"level":"info","message":"Info message","timestamp":"10:55:56 AM"}
{"level":"warn","message":"Warning message","timestamp":"10:55:56 AM"}
{"level":"info","message":"Info message","timestamp":"10:58:19 AM"}
{"level":"warn","message":"Warning message","timestamp":"10:58:19 AM"}
{"level":"info","message":"Info message","timestamp":"10:59:45 AM"}
{"level":"warn","message":"Warning message","timestamp":"10:59:45 AM"}
{"level":"info","message":"Info message","timestamp":"10:59:50 AM"}
{"level":"warn","message":"Warning message","timestamp":"10:59:50 AM"}
{"level":"info","message":"Info message","timestamp":"11:02:52 AM"}
{"level":"warn","message":"Warning message","timestamp":"11:02:52 AM"}
{"level":"info","message":"Info message","timestamp":"11:02:54 AM"}
{"level":"warn","message":"Warning message","timestamp":"11:02:54 AM"}
{"level":"info","message":"Info message","timestamp":"11:04:17 AM"}
{"level":"warn","message":"Warning message","timestamp":"11:04:17 AM"}
{"level":"info","message":"Info message","timestamp":"11:04:53 AM"}
{"level":"warn","message":"Warning message","timestamp":"11:04:53 AM"}
{"level":"info","message":"Info message","timestamp":"11:05:11 AM"}
{"level":"warn","message":"Warning message","timestamp":"11:05:11 AM"}
{"level":"info","message":"Info message","timestamp":"11:05:34 AM"}
{"level":"warn","message":"Warning message","timestamp":"11:05:34 AM"}
{"level":"info","message":"Info message","timestamp":"11:05:42 AM"}
{"level":"warn","message":"Warning message","timestamp":"11:05:42 AM"}
{"level":"info","message":"Info message","timestamp":"11:06:21 AM"}
{"level":"warn","message":"Warning message","timestamp":"11:06:21 AM"}
{"level":"info","message":"Info message","timestamp":"11:06:24 AM"}
{"level":"warn","message":"Warning message","timestamp":"11:06:24 AM"}
{"level":"info","message":"Info message","timestamp":"11:07:02 AM"}
{"level":"warn","message":"Warning message","timestamp":"11:07:02 AM"}
{"level":"info","message":"Info message","timestamp":"11:07:03 AM"}
{"level":"warn","message":"Warning message","timestamp":"11:07:03 AM"}
{"level":"info","message":"Info message","timestamp":"11:07:26 AM"}
{"level":"warn","message":"Warning message","timestamp":"11:07:26 AM"}
{"level":"info","message":"Info message","timestamp":"11:07:44 AM"}
{"level":"warn","message":"Warning message","timestamp":"11:07:44 AM"}
{"level":"info","message":"Info message","timestamp":"11:07:50 AM"}
{"level":"warn","message":"Warning message","timestamp":"11:07:50 AM"}
{"level":"info","message":"Info message","timestamp":"11:07:51 AM"}
{"level":"warn","message":"Warning message","timestamp":"11:07:51 AM"}
{"level":"info","message":"Info message","timestamp":"11:07:54 AM"}
{"level":"warn","message":"Warning message","timestamp":"11:07:54 AM"}
{"level":"info","message":"Info message","timestamp":"11:08:37 AM"}
{"level":"warn","message":"Warning message","timestamp":"11:08:37 AM"}
{"level":"info","message":"Info message","timestamp":"11:08:39 AM"}
{"level":"warn","message":"Warning message","timestamp":"11:08:39 AM"}
{"level":"info","message":"Info message","timestamp":"11:24:02 AM"}
{"level":"warn","message":"Warning message","timestamp":"11:24:02 AM"}
{"level":"info","message":"Info message","timestamp":"11:27:11 AM"}
{"level":"warn","message":"Warning message","timestamp":"11:27:11 AM"}
{"level":"info","message":"Info message","timestamp":"11:27:49 AM"}
{"level":"warn","message":"Warning message","timestamp":"11:27:49 AM"}
{"level":"info","message":"Info message","timestamp":"11:28:35 AM"}
{"level":"warn","message":"Warning message","timestamp":"11:28:35 AM"}
{"level":"info","message":"Info message","timestamp":"11:28:45 AM"}
{"level":"warn","message":"Warning message","timestamp":"11:28:45 AM"}
{"level":"info","message":"Info message","timestamp":"11:28:50 AM"}
{"level":"warn","message":"Warning message","timestamp":"11:28:50 AM"}
{"level":"info","message":"Info message","timestamp":"11:28:54 AM"}
{"level":"warn","message":"Warning message","timestamp":"11:28:54 AM"}
{"level":"info","message":"Info message","timestamp":"11:28:55 AM"}
{"level":"warn","message":"Warning message","timestamp":"11:28:55 AM"}
{"level":"info","message":"Info message","timestamp":"18:00:20"}
{"level":"warn","message":"Warning message","timestamp":"18:00:20"}
{"level":"info","message":"Info message","timestamp":"18:00:25"}
{"level":"warn","message":"Warning message","timestamp":"18:00:25"}
{"level":"info","message":"Info message","timestamp":"18:07:42"}
{"level":"warn","message":"Warning message","timestamp":"18:07:42"}
{"level":"info","message":"Info message","timestamp":"18:08:25"}
{"level":"warn","message":"Warning message","timestamp":"18:08:25"}
